starting compiler:
lisp	3	0	96
lisp	2	0	64
lisp	1	0	32
lis		0	0	0
lisp	3	1	224
lisp	2	1	192
lisp	1	1	160
lis		0	1	128
lisp	3	2	352
lisp	2	2	320
lisp	1	2	288
lis		0	2	256
lisp	3	3	480
lisp	2	3	448
lisp	1	3	416
lis		0	3	384
lisp	3	4	608
lisp	2	4	576
lisp	1	4	544
lis		0	4	512
lisp	3	5	736
lisp	2	5	704
lisp	1	5	672
lis		0	5	640
lisp	3	6	864
lisp	2	6	832
lisp	1	6	800
lis		0	6	768
lisp	3	7	992
lisp	2	7	960
lisp	1	7	928
lis		0	7	896
lisp	3	8	1120
lisp	2	8	1088
lisp	1	8	1056
lis		0	8	1024
lisp	3	9	1248
lisp	2	9	1216
lisp	1	9	1184
lis		0	9	1152
lisp	3	10	1376
lisp	2	10	1344
lisp	1	10	1312
lis		0	10	1280
lisp	3	11	1504
lisp	2	11	1472
lisp	1	11	1440
lis		0	11	1408
lisp	3	12	1632
lisp	2	12	1600
lisp	1	12	1568
lis		0	12	1536
lisp	3	13	1760
lisp	2	13	1728
lisp	1	13	1696
lis		0	13	1664
lisp	3	14	1888
lisp	2	14	1856
lisp	1	14	1824
lis		0	14	1792
lisp	3	15	2016
lisp	2	15	1984
lisp	1	15	1952
lis		0	15	1920
lisp	3	16	2144
lisp	2	16	2112
lisp	1	16	2080
lis		0	16	2048
lisp	3	17	2272
lisp	2	17	2240
lisp	1	17	2208
lis		0	17	2176
lisp	3	18	2400
lisp	2	18	2368
lisp	1	18	2336
lis		0	18	2304
lisp	3	19	2528
lisp	2	19	2496
lisp	1	19	2464
lis		0	19	2432
lisp	3	20	2656
lisp	2	20	2624
lisp	1	20	2592
lis		0	20	2560
lisp	3	21	2784
lisp	2	21	2752
lisp	1	21	2720
lis		0	21	2688
lisp	3	22	2912
lisp	2	22	2880
lisp	1	22	2848
lis		0	22	2816
lisp	3	23	3040
lisp	2	23	3008
lisp	1	23	2976
lis		0	23	2944
lisp	3	24	3168
lisp	2	24	3136
lisp	1	24	3104
lis		0	24	3072
lisp	3	25	3296
lisp	2	25	3264
lisp	1	25	3232
lis		0	25	3200
lisp	3	26	3424
lisp	2	26	3392
lisp	1	26	3360
lis		0	26	3328
lisp	3	27	3552
lisp	2	27	3520
lisp	1	27	3488
lis		0	27	3456
lisp	3	28	3680
lisp	2	28	3648
lisp	1	28	3616
lis		0	28	3584
lisp	3	29	3808
lisp	2	29	3776
lisp	1	29	3744
lis		0	29	3712
lisp	3	30	3936
lisp	2	30	3904
lisp	1	30	3872
lis		0	30	3840
lisp	3	31	4064
lisp	2	31	4032
lisp	1	31	4000
lis		0	31	3968
lisp	3	32	4192
lisp	2	32	4160
lisp	1	32	4128
lis		0	32	4096
lisp	3	33	4320
lisp	2	33	4288
lisp	1	33	4256
lis		0	33	4224
lisp	3	34	4448
lisp	2	34	4416
lisp	1	34	4384
lis		0	34	4352
lisp	3	35	4576
lisp	2	35	4544
lisp	1	35	4512
lis		0	35	4480
lisp	3	36	4704
lisp	2	36	4672
lisp	1	36	4640
lis		0	36	4608
lisp	3	37	4832
lisp	2	37	4800
lisp	1	37	4768
lis		0	37	4736
lisp	3	38	4960
lisp	2	38	4928
lisp	1	38	4896
lis		0	38	4864
lisp	3	39	5088
lisp	2	39	5056
lisp	1	39	5024
lis		0	39	4992
lisp	3	40	5216
lisp	2	40	5184
lisp	1	40	5152
lis		0	40	5120
lisp	3	41	5344
lisp	2	41	5312
lisp	1	41	5280
lis		0	41	5248
lisp	3	42	5472
lisp	2	42	5440
lisp	1	42	5408
lis		0	42	5376
lisp	3	43	5600
lisp	2	43	5568
lisp	1	43	5536
lis		0	43	5504
lisp	3	44	5728
lisp	2	44	5696
lisp	1	44	5664
lis		0	44	5632
lisp	3	45	5856
lisp	2	45	5824
lisp	1	45	5792
lis		0	45	5760
lisp	3	46	5984
lisp	2	46	5952
lisp	1	46	5920
lis		0	46	5888
lisp	3	47	6112
lisp	2	47	6080
lisp	1	47	6048
lis		0	47	6016
lisp	3	48	6240
lisp	2	48	6208
lisp	1	48	6176
lis		0	48	6144
lisp	3	49	6368
lisp	2	49	6336
lisp	1	49	6304
lis		0	49	6272
lisp	3	50	6496
lisp	2	50	6464
lisp	1	50	6432
lis		0	50	6400
lisp	3	51	6624
lisp	2	51	6592
lisp	1	51	6560
lis		0	51	6528
lisp	3	52	6752
lisp	2	52	6720
lisp	1	52	6688
lis		0	52	6656
lisp	3	53	6880
lisp	2	53	6848
lisp	1	53	6816
lis		0	53	6784
lisp	3	54	7008
lisp	2	54	6976
lisp	1	54	6944
lis		0	54	6912
lisp	3	55	7136
lisp	2	55	7104
lisp	1	55	7072
lis		0	55	7040
lisp	3	56	7264
lisp	2	56	7232
lisp	1	56	7200
lis		0	56	7168
lisp	3	57	7392
lisp	2	57	7360
lisp	1	57	7328
lis		0	57	7296
lisp	3	58	7520
lisp	2	58	7488
lisp	1	58	7456
lis		0	58	7424
lisp	3	59	7648
lisp	2	59	7616
lisp	1	59	7584
lis		0	59	7552
lisp	3	60	7776
lisp	2	60	7744
lisp	1	60	7712
lis		0	60	7680
lisp	3	61	7904
lisp	2	61	7872
lisp	1	61	7840
lis		0	61	7808
lisp	3	62	8032
lisp	2	62	8000
lisp	1	62	7968
lis		0	62	7936
lisp	3	63	8160
lisp	2	63	8128
lisp	1	63	8096
lis		0	63	8064
lisp	3	64	8288
lisp	2	64	8256
lisp	1	64	8224
lis		0	64	8192
lisp	3	65	8416
lisp	2	65	8384
lisp	1	65	8352
lis		0	65	8320
lisp	3	66	8544
lisp	2	66	8512
lisp	1	66	8480
lis		0	66	8448
lisp	3	67	8672
lisp	2	67	8640
lisp	1	67	8608
lis		0	67	8576
lisp	3	68	8800
lisp	2	68	8768
lisp	1	68	8736
lis		0	68	8704
lisp	3	69	8928
lisp	2	69	8896
lisp	1	69	8864
lis		0	69	8832
lisp	3	70	9056
lisp	2	70	9024
lisp	1	70	8992
lis		0	70	8960
lisp	3	71	9184
lisp	2	71	9152
lisp	1	71	9120
lis		0	71	9088
lisp	3	72	9312
lisp	2	72	9280
lisp	1	72	9248
lis		0	72	9216
lisp	3	73	9440
lisp	2	73	9408
lisp	1	73	9376
lis		0	73	9344
lisp	3	74	9568
lisp	2	74	9536
lisp	1	74	9504
lis		0	74	9472
lisp	3	75	9696
lisp	2	75	9664
lisp	1	75	9632
lis		0	75	9600
lisp	3	76	9824
lisp	2	76	9792
lisp	1	76	9760
lis		0	76	9728
lisp	3	77	9952
lisp	2	77	9920
lisp	1	77	9888
lis		0	77	9856
lisp	3	78	10080
lisp	2	78	10048
lisp	1	78	10016
lis		0	78	9984
lisp	3	79	10208
lisp	2	79	10176
lisp	1	79	10144
lis		0	79	10112
lisp	3	80	10336
lisp	2	80	10304
lisp	1	80	10272
lis		0	80	10240
lisp	3	81	10464
lisp	2	81	10432
lisp	1	81	10400
lis		0	81	10368
lisp	3	82	10592
lisp	2	82	10560
lisp	1	82	10528
lis		0	82	10496
lisp	3	83	10720
lisp	2	83	10688
lisp	1	83	10656
lis		0	83	10624
lisp	3	84	10848
lisp	2	84	10816
lisp	1	84	10784
lis		0	84	10752
lisp	3	85	10976
lisp	2	85	10944
lisp	1	85	10912
lis		0	85	10880
lisp	3	86	11104
lisp	2	86	11072
lisp	1	86	11040
lis		0	86	11008
lisp	3	87	11232
lisp	2	87	11200
lisp	1	87	11168
lis		0	87	11136
lisp	3	88	11360
lisp	2	88	11328
lisp	1	88	11296
lis		0	88	11264
lisp	3	89	11488
lisp	2	89	11456
lisp	1	89	11424
lis		0	89	11392
lisp	3	90	11616
lisp	2	90	11584
lisp	1	90	11552
lis		0	90	11520
lisp	3	91	11744
lisp	2	91	11712
lisp	1	91	11680
lis		0	91	11648
lisp	3	92	11872
lisp	2	92	11840
lisp	1	92	11808
lis		0	92	11776
lisp	3	93	12000
lisp	2	93	11968
lisp	1	93	11936
lis		0	93	11904
lisp	3	94	12128
lisp	2	94	12096
lisp	1	94	12064
lis		0	94	12032
lisp	3	95	12256
lisp	2	95	12224
lisp	1	95	12192
lis		0	95	12160
lisp	3	96	12384
lisp	2	96	12352
lisp	1	96	12320
lis		0	96	12288
lisp	3	97	12512
lisp	2	97	12480
lisp	1	97	12448
lis		0	97	12416
lisp	3	98	12640
lisp	2	98	12608
lisp	1	98	12576
lis		0	98	12544
lisp	3	99	12768
lisp	2	99	12736
lisp	1	99	12704
lis		0	99	12672
lisp	3	100	12896
lisp	2	100	12864
lisp	1	100	12832
lis		0	100	12800
lisp	3	101	13024
lisp	2	101	12992
lisp	1	101	12960
lis		0	101	12928
lisp	3	102	13152
lisp	2	102	13120
lisp	1	102	13088
lis		0	102	13056
lisp	3	103	13280
lisp	2	103	13248
lisp	1	103	13216
lis		0	103	13184
lisp	3	104	13408
lisp	2	104	13376
lisp	1	104	13344
lis		0	104	13312
lisp	3	105	13536
lisp	2	105	13504
lisp	1	105	13472
lis		0	105	13440
lisp	3	106	13664
lisp	2	106	13632
lisp	1	106	13600
lis		0	106	13568
lisp	3	107	13792
lisp	2	107	13760
lisp	1	107	13728
lis		0	107	13696
lisp	3	108	13920
lisp	2	108	13888
lisp	1	108	13856
lis		0	108	13824
lisp	3	109	14048
lisp	2	109	14016
lisp	1	109	13984
lis		0	109	13952
lisp	3	110	14176
lisp	2	110	14144
lisp	1	110	14112
lis		0	110	14080
lisp	3	111	14304
lisp	2	111	14272
lisp	1	111	14240
lis		0	111	14208
lisp	3	112	14432
lisp	2	112	14400
lisp	1	112	14368
lis		0	112	14336
lisp	3	113	14560
lisp	2	113	14528
lisp	1	113	14496
lis		0	113	14464
lisp	3	114	14688
lisp	2	114	14656
lisp	1	114	14624
lis		0	114	14592
lisp	3	115	14816
lisp	2	115	14784
lisp	1	115	14752
lis		0	115	14720
lisp	3	116	14944
lisp	2	116	14912
lisp	1	116	14880
lis		0	116	14848
lisp	3	117	15072
lisp	2	117	15040
lisp	1	117	15008
lis		0	117	14976
lisp	3	118	15200
lisp	2	118	15168
lisp	1	118	15136
lis		0	118	15104
lisp	3	119	15328
lisp	2	119	15296
lisp	1	119	15264
lis		0	119	15232
lisp	3	120	15456
lisp	2	120	15424
lisp	1	120	15392
lis		0	120	15360
lisp	3	121	15584
lisp	2	121	15552
lisp	1	121	15520
lis		0	121	15488
lisp	3	122	15712
lisp	2	122	15680
lisp	1	122	15648
lis		0	122	15616
lisp	3	123	15840
lisp	2	123	15808
lisp	1	123	15776
lis		0	123	15744
lisp	3	124	15968
lisp	2	124	15936
lisp	1	124	15904
lis		0	124	15872
lisp	3	125	16096
lisp	2	125	16064
lisp	1	125	16032
lis		0	125	16000
lisp	3	126	16224
lisp	2	126	16192
lisp	1	126	16160
lis		0	126	16128
lisp	3	127	16352
lisp	2	127	16320
lisp	1	127	16288
lis		0	127	16256
lisp	3	128	16480
lisp	2	128	16448
lisp	1	128	16416
lis		0	128	16384
lisp	3	129	16608
lisp	2	129	16576
lisp	1	129	16544
lis		0	129	16512
lisp	3	130	16736
lisp	2	130	16704
lisp	1	130	16672
lis		0	130	16640
lisp	3	131	16864
lisp	2	131	16832
lisp	1	131	16800
lis		0	131	16768
lisp	3	132	16992
lisp	2	132	16960
lisp	1	132	16928
lis		0	132	16896
lisp	3	133	17120
lisp	2	133	17088
lisp	1	133	17056
lis		0	133	17024
lisp	3	134	17248
lisp	2	134	17216
lisp	1	134	17184
lis		0	134	17152
lisp	3	135	17376
lisp	2	135	17344
lisp	1	135	17312
lis		0	135	17280
lisp	3	136	17504
lisp	2	136	17472
lisp	1	136	17440
lis		0	136	17408
lisp	3	137	17632
lisp	2	137	17600
lisp	1	137	17568
lis		0	137	17536
lisp	3	138	17760
lisp	2	138	17728
lisp	1	138	17696
lis		0	138	17664
lisp	3	139	17888
lisp	2	139	17856
lisp	1	139	17824
lis		0	139	17792
lisp	3	140	18016
lisp	2	140	17984
lisp	1	140	17952
lis		0	140	17920
lisp	3	141	18144
lisp	2	141	18112
lisp	1	141	18080
lis		0	141	18048
lisp	3	142	18272
lisp	2	142	18240
lisp	1	142	18208
lis		0	142	18176
lisp	3	143	18400
lisp	2	143	18368
lisp	1	143	18336
lis		0	143	18304
lisp	3	144	18528
lisp	2	144	18496
lisp	1	144	18464
lis		0	144	18432
lisp	3	145	18656
lisp	2	145	18624
lisp	1	145	18592
lis		0	145	18560
lisp	3	146	18784
lisp	2	146	18752
lisp	1	146	18720
lis		0	146	18688
lisp	3	147	18912
lisp	2	147	18880
lisp	1	147	18848
lis		0	147	18816
lisp	3	148	19040
lisp	2	148	19008
lisp	1	148	18976
lis		0	148	18944
lisp	3	149	19168
lisp	2	149	19136
lisp	1	149	19104
lis		0	149	19072
lisp	3	150	19296
lisp	2	150	19264
lisp	1	150	19232
lis		0	150	19200
lisp	3	151	19424
lisp	2	151	19392
lisp	1	151	19360
lis		0	151	19328
lisp	3	152	19552
lisp	2	152	19520
lisp	1	152	19488
lis		0	152	19456
lisp	3	153	19680
lisp	2	153	19648
lisp	1	153	19616
lis		0	153	19584
lisp	3	154	19808
lisp	2	154	19776
lisp	1	154	19744
lis		0	154	19712
lisp	3	155	19936
lisp	2	155	19904
lisp	1	155	19872
lis		0	155	19840
lisp	3	156	20064
lisp	2	156	20032
lisp	1	156	20000
lis		0	156	19968
lisp	3	157	20192
lisp	2	157	20160
lisp	1	157	20128
lis		0	157	20096
lisp	3	158	20320
lisp	2	158	20288
lisp	1	158	20256
lis		0	158	20224
lisp	3	159	20448
lisp	2	159	20416
lisp	1	159	20384
lis		0	159	20352
lisp	3	160	20576
lisp	2	160	20544
lisp	1	160	20512
lis		0	160	20480
lisp	3	161	20704
lisp	2	161	20672
lisp	1	161	20640
lis		0	161	20608
lisp	3	162	20832
lisp	2	162	20800
lisp	1	162	20768
lis		0	162	20736
lisp	3	163	20960
lisp	2	163	20928
lisp	1	163	20896
lis		0	163	20864
lisp	3	164	21088
lisp	2	164	21056
lisp	1	164	21024
lis		0	164	20992
lisp	3	165	21216
lisp	2	165	21184
lisp	1	165	21152
lis		0	165	21120
lisp	3	166	21344
lisp	2	166	21312
lisp	1	166	21280
lis		0	166	21248
lisp	3	167	21472
lisp	2	167	21440
lisp	1	167	21408
lis		0	167	21376
lisp	3	168	21600
lisp	2	168	21568
lisp	1	168	21536
lis		0	168	21504
lisp	3	169	21728
lisp	2	169	21696
lisp	1	169	21664
lis		0	169	21632
lisp	3	170	21856
lisp	2	170	21824
lisp	1	170	21792
lis		0	170	21760
lisp	3	171	21984
lisp	2	171	21952
lisp	1	171	21920
lis		0	171	21888
lisp	3	172	22112
lisp	2	172	22080
lisp	1	172	22048
lis		0	172	22016
lisp	3	173	22240
lisp	2	173	22208
lisp	1	173	22176
lis		0	173	22144
lisp	3	174	22368
lisp	2	174	22336
lisp	1	174	22304
lis		0	174	22272
lisp	3	175	22496
lisp	2	175	22464
lisp	1	175	22432
lis		0	175	22400
lisp	3	176	22624
lisp	2	176	22592
lisp	1	176	22560
lis		0	176	22528
lisp	3	177	22752
lisp	2	177	22720
lisp	1	177	22688
lis		0	177	22656
lisp	3	178	22880
lisp	2	178	22848
lisp	1	178	22816
lis		0	178	22784
lisp	3	179	23008
lisp	2	179	22976
lisp	1	179	22944
lis		0	179	22912
lisp	3	180	23136
lisp	2	180	23104
lisp	1	180	23072
lis		0	180	23040
lisp	3	181	23264
lisp	2	181	23232
lisp	1	181	23200
lis		0	181	23168
lisp	3	182	23392
lisp	2	182	23360
lisp	1	182	23328
lis		0	182	23296
lisp	3	183	23520
lisp	2	183	23488
lisp	1	183	23456
lis		0	183	23424
lisp	3	184	23648
lisp	2	184	23616
lisp	1	184	23584
lis		0	184	23552
lisp	3	185	23776
lisp	2	185	23744
lisp	1	185	23712
lis		0	185	23680
lisp	3	186	23904
lisp	2	186	23872
lisp	1	186	23840
lis		0	186	23808
lisp	3	187	24032
lisp	2	187	24000
lisp	1	187	23968
lis		0	187	23936
lisp	3	188	24160
lisp	2	188	24128
lisp	1	188	24096
lis		0	188	24064
lisp	3	189	24288
lisp	2	189	24256
lisp	1	189	24224
lis		0	189	24192
lisp	3	190	24416
lisp	2	190	24384
lisp	1	190	24352
lis		0	190	24320
lisp	3	191	24544
lisp	2	191	24512
lisp	1	191	24480
lis		0	191	24448
lisp	3	192	24672
lisp	2	192	24640
lisp	1	192	24608
lis		0	192	24576
lisp	3	193	24800
lisp	2	193	24768
lisp	1	193	24736
lis		0	193	24704
lisp	3	194	24928
lisp	2	194	24896
lisp	1	194	24864
lis		0	194	24832
lisp	3	195	25056
lisp	2	195	25024
lisp	1	195	24992
lis		0	195	24960
lisp	3	196	25184
lisp	2	196	25152
lisp	1	196	25120
lis		0	196	25088
lisp	3	197	25312
lisp	2	197	25280
lisp	1	197	25248
lis		0	197	25216
lisp	3	198	25440
lisp	2	198	25408
lisp	1	198	25376
lis		0	198	25344
lisp	3	199	25568
lisp	2	199	25536
lisp	1	199	25504
lis		0	199	25472
lisp	3	200	25696
lisp	2	200	25664
lisp	1	200	25632
lis		0	200	25600
lisp	3	201	25824
lisp	2	201	25792
lisp	1	201	25760
lis		0	201	25728
lisp	3	202	25952
lisp	2	202	25920
lisp	1	202	25888
lis		0	202	25856
lisp	3	203	26080
lisp	2	203	26048
lisp	1	203	26016
lis		0	203	25984
lisp	3	204	26208
lisp	2	204	26176
lisp	1	204	26144
lis		0	204	26112
lisp	3	205	26336
lisp	2	205	26304
lisp	1	205	26272
lis		0	205	26240
lisp	3	206	26464
lisp	2	206	26432
lisp	1	206	26400
lis		0	206	26368
lisp	3	207	26592
lisp	2	207	26560
lisp	1	207	26528
lis		0	207	26496
lisp	3	208	26720
lisp	2	208	26688
lisp	1	208	26656
lis		0	208	26624
lisp	3	209	26848
lisp	2	209	26816
lisp	1	209	26784
lis		0	209	26752
lisp	3	210	26976
lisp	2	210	26944
lisp	1	210	26912
lis		0	210	26880
lisp	3	211	27104
lisp	2	211	27072
lisp	1	211	27040
lis		0	211	27008
lisp	3	212	27232
lisp	2	212	27200
lisp	1	212	27168
lis		0	212	27136
lisp	3	213	27360
lisp	2	213	27328
lisp	1	213	27296
lis		0	213	27264
lisp	3	214	27488
lisp	2	214	27456
lisp	1	214	27424
lis		0	214	27392
lisp	3	215	27616
lisp	2	215	27584
lisp	1	215	27552
lis		0	215	27520
lisp	3	216	27744
lisp	2	216	27712
lisp	1	216	27680
lis		0	216	27648
lisp	3	217	27872
lisp	2	217	27840
lisp	1	217	27808
lis		0	217	27776
lisp	3	218	28000
lisp	2	218	27968
lisp	1	218	27936
lis		0	218	27904
lisp	3	219	28128
lisp	2	219	28096
lisp	1	219	28064
lis		0	219	28032
lisp	3	220	28256
lisp	2	220	28224
lisp	1	220	28192
lis		0	220	28160
lisp	3	221	28384
lisp	2	221	28352
lisp	1	221	28320
lis		0	221	28288
lisp	3	222	28512
lisp	2	222	28480
lisp	1	222	28448
lis		0	222	28416
lisp	3	223	28640
lisp	2	223	28608
lisp	1	223	28576
lis		0	223	28544
lisp	3	224	28768
lisp	2	224	28736
lisp	1	224	28704
lis		0	224	28672
lisp	3	225	28896
lisp	2	225	28864
lisp	1	225	28832
lis		0	225	28800
lisp	3	226	29024
lisp	2	226	28992
lisp	1	226	28960
lis		0	226	28928
lisp	3	227	29152
lisp	2	227	29120
lisp	1	227	29088
lis		0	227	29056
lisp	3	228	29280
lisp	2	228	29248
lisp	1	228	29216
lis		0	228	29184
lisp	3	229	29408
lisp	2	229	29376
lisp	1	229	29344
lis		0	229	29312
lisp	3	230	29536
lisp	2	230	29504
lisp	1	230	29472
lis		0	230	29440
lisp	3	231	29664
lisp	2	231	29632
lisp	1	231	29600
lis		0	231	29568
lisp	3	232	29792
lisp	2	232	29760
lisp	1	232	29728
lis		0	232	29696
lisp	3	233	29920
lisp	2	233	29888
lisp	1	233	29856
lis		0	233	29824
lisp	3	234	30048
lisp	2	234	30016
lisp	1	234	29984
lis		0	234	29952
lisp	3	235	30176
lisp	2	235	30144
lisp	1	235	30112
lis		0	235	30080
lisp	3	236	30304
lisp	2	236	30272
lisp	1	236	30240
lis		0	236	30208
lisp	3	237	30432
lisp	2	237	30400
lisp	1	237	30368
lis		0	237	30336
lisp	3	238	30560
lisp	2	238	30528
lisp	1	238	30496
lis		0	238	30464
lisp	3	239	30688
lisp	2	239	30656
lisp	1	239	30624
lis		0	239	30592
lisp	3	240	30816
lisp	2	240	30784
lisp	1	240	30752
lis		0	240	30720
lisp	3	241	30944
lisp	2	241	30912
lisp	1	241	30880
lis		0	241	30848
lisp	3	242	31072
lisp	2	242	31040
lisp	1	242	31008
lis		0	242	30976
lisp	3	243	31200
lisp	2	243	31168
lisp	1	243	31136
lis		0	243	31104
lisp	3	244	31328
lisp	2	244	31296
lisp	1	244	31264
lis		0	244	31232
lisp	3	245	31456
lisp	2	245	31424
lisp	1	245	31392
lis		0	245	31360
lisp	3	246	31584
lisp	2	246	31552
lisp	1	246	31520
lis		0	246	31488
lisp	3	247	31712
lisp	2	247	31680
lisp	1	247	31648
lis		0	247	31616
lisp	3	248	31840
lisp	2	248	31808
lisp	1	248	31776
lis		0	248	31744
lisp	3	249	31968
lisp	2	249	31936
lisp	1	249	31904
lis		0	249	31872
lisp	3	250	32096
lisp	2	250	32064
lisp	1	250	32032
lis		0	250	32000
lisp	3	251	32224
lisp	2	251	32192
lisp	1	251	32160
lis		0	251	32128
lisp	3	252	32352
lisp	2	252	32320
lisp	1	252	32288
lis		0	252	32256
lisp	3	253	32480
lisp	2	253	32448
lisp	1	253	32416
lis		0	253	32384
lisp	3	254	32608
lisp	2	254	32576
lisp	1	254	32544
lis		0	254	32512
lisp	3	255	32736
lisp	2	255	32704
lisp	1	255	32672
lis		0	255	32640
lisp	3	256	32864
lisp	2	256	32832
lisp	1	256	32800
lis		0	256	32768
lisp	3	257	32992
lisp	2	257	32960
lisp	1	257	32928
lis		0	257	32896
lisp	3	258	33120
lisp	2	258	33088
lisp	1	258	33056
lis		0	258	33024
lisp	3	259	33248
lisp	2	259	33216
lisp	1	259	33184
lis		0	259	33152
lisp	3	260	33376
lisp	2	260	33344
lisp	1	260	33312
lis		0	260	33280
lisp	3	261	33504
lisp	2	261	33472
lisp	1	261	33440
lis		0	261	33408
lisp	3	262	33632
lisp	2	262	33600
lisp	1	262	33568
lis		0	262	33536
lisp	3	263	33760
lisp	2	263	33728
lisp	1	263	33696
lis		0	263	33664
lisp	3	264	33888
lisp	2	264	33856
lisp	1	264	33824
lis		0	264	33792
lisp	3	265	34016
lisp	2	265	33984
lisp	1	265	33952
lis		0	265	33920
lisp	3	266	34144
lisp	2	266	34112
lisp	1	266	34080
lis		0	266	34048
lisp	3	267	34272
lisp	2	267	34240
lisp	1	267	34208
lis		0	267	34176
lisp	3	268	34400
lisp	2	268	34368
lisp	1	268	34336
lis		0	268	34304
lisp	3	269	34528
lisp	2	269	34496
lisp	1	269	34464
lis		0	269	34432
lisp	3	270	34656
lisp	2	270	34624
lisp	1	270	34592
lis		0	270	34560
lisp	3	271	34784
lisp	2	271	34752
lisp	1	271	34720
lis		0	271	34688
lisp	3	272	34912
lisp	2	272	34880
lisp	1	272	34848
lis		0	272	34816
lisp	3	273	35040
lisp	2	273	35008
lisp	1	273	34976
lis		0	273	34944
lisp	3	274	35168
lisp	2	274	35136
lisp	1	274	35104
lis		0	274	35072
lisp	3	275	35296
lisp	2	275	35264
lisp	1	275	35232
lis		0	275	35200
lisp	3	276	35424
lisp	2	276	35392
lisp	1	276	35360
lis		0	276	35328
lisp	3	277	35552
lisp	2	277	35520
lisp	1	277	35488
lis		0	277	35456
lisp	3	278	35680
lisp	2	278	35648
lisp	1	278	35616
lis		0	278	35584
lisp	3	279	35808
lisp	2	279	35776
lisp	1	279	35744
lis		0	279	35712
lisp	3	280	35936
lisp	2	280	35904
lisp	1	280	35872
lis		0	280	35840
lisp	3	281	36064
lisp	2	281	36032
lisp	1	281	36000
lis		0	281	35968
lisp	3	282	36192
lisp	2	282	36160
lisp	1	282	36128
lis		0	282	36096
lisp	3	283	36320
lisp	2	283	36288
lisp	1	283	36256
lis		0	283	36224
lisp	3	284	36448
lisp	2	284	36416
lisp	1	284	36384
lis		0	284	36352
lisp	3	285	36576
lisp	2	285	36544
lisp	1	285	36512
lis		0	285	36480
lisp	3	286	36704
lisp	2	286	36672
lisp	1	286	36640
lis		0	286	36608
lisp	3	287	36832
lisp	2	287	36800
lisp	1	287	36768
lis		0	287	36736
lisp	3	288	36960
lisp	2	288	36928
lisp	1	288	36896
lis		0	288	36864
lisp	3	289	37088
lisp	2	289	37056
lisp	1	289	37024
lis		0	289	36992
lisp	3	290	37216
lisp	2	290	37184
lisp	1	290	37152
lis		0	290	37120
lisp	3	291	37344
lisp	2	291	37312
lisp	1	291	37280
lis		0	291	37248
lisp	3	292	37472
lisp	2	292	37440
lisp	1	292	37408
lis		0	292	37376
lisp	3	293	37600
lisp	2	293	37568
lisp	1	293	37536
lis		0	293	37504
lisp	3	294	37728
lisp	2	294	37696
lisp	1	294	37664
lis		0	294	37632
lisp	3	295	37856
lisp	2	295	37824
lisp	1	295	37792
lis		0	295	37760
lisp	3	296	37984
lisp	2	296	37952
lisp	1	296	37920
lis		0	296	37888
lisp	3	297	38112
lisp	2	297	38080
lisp	1	297	38048
lis		0	297	38016
lisp	3	298	38240
lisp	2	298	38208
lisp	1	298	38176
lis		0	298	38144
lisp	3	299	38368
lisp	2	299	38336
lisp	1	299	38304
lis		0	299	38272
lisp	3	300	38496
lisp	2	300	38464
lisp	1	300	38432
lis		0	300	38400
lisp	3	301	38624
lisp	2	301	38592
lisp	1	301	38560
lis		0	301	38528
lisp	3	302	38752
lisp	2	302	38720
lisp	1	302	38688
lis		0	302	38656
lisp	3	303	38880
lisp	2	303	38848
lisp	1	303	38816
lis		0	303	38784
lisp	3	304	39008
lisp	2	304	38976
lisp	1	304	38944
lis		0	304	38912
lisp	3	305	39136
lisp	2	305	39104
lisp	1	305	39072
lis		0	305	39040
lisp	3	306	39264
lisp	2	306	39232
lisp	1	306	39200
lis		0	306	39168
lisp	3	307	39392
lisp	2	307	39360
lisp	1	307	39328
lis		0	307	39296
lisp	3	308	39520
lisp	2	308	39488
lisp	1	308	39456
lis		0	308	39424
lisp	3	309	39648
lisp	2	309	39616
lisp	1	309	39584
lis		0	309	39552
lisp	3	310	39776
lisp	2	310	39744
lisp	1	310	39712
lis		0	310	39680
lisp	3	311	39904
lisp	2	311	39872
lisp	1	311	39840
lis		0	311	39808
lisp	3	312	40032
lisp	2	312	40000
lisp	1	312	39968
lis		0	312	39936
lisp	3	313	40160
lisp	2	313	40128
lisp	1	313	40096
lis		0	313	40064
lisp	3	314	40288
lisp	2	314	40256
lisp	1	314	40224
lis		0	314	40192
lisp	3	315	40416
lisp	2	315	40384
lisp	1	315	40352
lis		0	315	40320
lisp	3	316	40544
lisp	2	316	40512
lisp	1	316	40480
lis		0	316	40448
lisp	3	317	40672
lisp	2	317	40640
lisp	1	317	40608
lis		0	317	40576
lisp	3	318	40800
lisp	2	318	40768
lisp	1	318	40736
lis		0	318	40704
lisp	3	319	40928
lisp	2	319	40896
lisp	1	319	40864
lis		0	319	40832
lisp	3	320	41056
lisp	2	320	41024
lisp	1	320	40992
lis		0	320	40960
lisp	3	321	41184
lisp	2	321	41152
lisp	1	321	41120
lis		0	321	41088
lisp	3	322	41312
lisp	2	322	41280
lisp	1	322	41248
lis		0	322	41216
lisp	3	323	41440
lisp	2	323	41408
lisp	1	323	41376
lis		0	323	41344
lisp	3	324	41568
lisp	2	324	41536
lisp	1	324	41504
lis		0	324	41472
lisp	3	325	41696
lisp	2	325	41664
lisp	1	325	41632
lis		0	325	41600
lisp	3	326	41824
lisp	2	326	41792
lisp	1	326	41760
lis		0	326	41728
lisp	3	327	41952
lisp	2	327	41920
lisp	1	327	41888
lis		0	327	41856
lisp	3	328	42080
lisp	2	328	42048
lisp	1	328	42016
lis		0	328	41984
lisp	3	329	42208
lisp	2	329	42176
lisp	1	329	42144
lis		0	329	42112
lisp	3	330	42336
lisp	2	330	42304
lisp	1	330	42272
lis		0	330	42240
lisp	3	331	42464
lisp	2	331	42432
lisp	1	331	42400
lis		0	331	42368
lisp	3	332	42592
lisp	2	332	42560
lisp	1	332	42528
lis		0	332	42496
lisp	3	333	42720
lisp	2	333	42688
lisp	1	333	42656
lis		0	333	42624
lisp	3	334	42848
lisp	2	334	42816
lisp	1	334	42784
lis		0	334	42752
lisp	3	335	42976
lisp	2	335	42944
lisp	1	335	42912
lis		0	335	42880
lisp	3	336	43104
lisp	2	336	43072
lisp	1	336	43040
lis		0	336	43008
lisp	3	337	43232
lisp	2	337	43200
lisp	1	337	43168
lis		0	337	43136
lisp	3	338	43360
lisp	2	338	43328
lisp	1	338	43296
lis		0	338	43264
lisp	3	339	43488
lisp	2	339	43456
lisp	1	339	43424
lis		0	339	43392
lisp	3	340	43616
lisp	2	340	43584
lisp	1	340	43552
lis		0	340	43520
lisp	3	341	43744
lisp	2	341	43712
lisp	1	341	43680
lis		0	341	43648
lisp	3	342	43872
lisp	2	342	43840
lisp	1	342	43808
lis		0	342	43776
lisp	3	343	44000
lisp	2	343	43968
lisp	1	343	43936
lis		0	343	43904
lisp	3	344	44128
lisp	2	344	44096
lisp	1	344	44064
lis		0	344	44032
lisp	3	345	44256
lisp	2	345	44224
lisp	1	345	44192
lis		0	345	44160
lisp	3	346	44384
lisp	2	346	44352
lisp	1	346	44320
lis		0	346	44288
lisp	3	347	44512
lisp	2	347	44480
lisp	1	347	44448
lis		0	347	44416
lisp	3	348	44640
lisp	2	348	44608
lisp	1	348	44576
lis		0	348	44544
lisp	3	349	44768
lisp	2	349	44736
lisp	1	349	44704
lis		0	349	44672
lisp	3	350	44896
lisp	2	350	44864
lisp	1	350	44832
lis		0	350	44800
lisp	3	351	45024
lisp	2	351	44992
lisp	1	351	44960
lis		0	351	44928
lisp	3	352	45152
lisp	2	352	45120
lisp	1	352	45088
lis		0	352	45056
lisp	3	353	45280
lisp	2	353	45248
lisp	1	353	45216
lis		0	353	45184
lisp	3	354	45408
lisp	2	354	45376
lisp	1	354	45344
lis		0	354	45312
lisp	3	355	45536
lisp	2	355	45504
lisp	1	355	45472
lis		0	355	45440
lisp	3	356	45664
lisp	2	356	45632
lisp	1	356	45600
lis		0	356	45568
lisp	3	357	45792
lisp	2	357	45760
lisp	1	357	45728
lis		0	357	45696
lisp	3	358	45920
lisp	2	358	45888
lisp	1	358	45856
lis		0	358	45824
lisp	3	359	46048
lisp	2	359	46016
lisp	1	359	45984
lis		0	359	45952
lisp	3	360	46176
lisp	2	360	46144
lisp	1	360	46112
lis		0	360	46080
lisp	3	361	46304
lisp	2	361	46272
lisp	1	361	46240
lis		0	361	46208
lisp	3	362	46432
lisp	2	362	46400
lisp	1	362	46368
lis		0	362	46336
lisp	3	363	46560
lisp	2	363	46528
lisp	1	363	46496
lis		0	363	46464
lisp	3	364	46688
lisp	2	364	46656
lisp	1	364	46624
lis		0	364	46592
lisp	3	365	46816
lisp	2	365	46784
lisp	1	365	46752
lis		0	365	46720
lisp	3	366	46944
lisp	2	366	46912
lisp	1	366	46880
lis		0	366	46848
lisp	3	367	47072
lisp	2	367	47040
lisp	1	367	47008
lis		0	367	46976
lisp	3	368	47200
lisp	2	368	47168
lisp	1	368	47136
lis		0	368	47104
lisp	3	369	47328
lisp	2	369	47296
lisp	1	369	47264
lis		0	369	47232
lisp	3	370	47456
lisp	2	370	47424
lisp	1	370	47392
lis		0	370	47360
lisp	3	371	47584
lisp	2	371	47552
lisp	1	371	47520
lis		0	371	47488
lisp	3	372	47712
lisp	2	372	47680
lisp	1	372	47648
lis		0	372	47616
lisp	3	373	47840
lisp	2	373	47808
lisp	1	373	47776
lis		0	373	47744
lisp	3	374	47968
lisp	2	374	47936
lisp	1	374	47904
lis		0	374	47872
lisp	3	375	48096
lisp	2	375	48064
lisp	1	375	48032
lis		0	375	48000
lisp	3	376	48224
lisp	2	376	48192
lisp	1	376	48160
lis		0	376	48128
lisp	3	377	48352
lisp	2	377	48320
lisp	1	377	48288
lis		0	377	48256
lisp	3	378	48480
lisp	2	378	48448
lisp	1	378	48416
lis		0	378	48384
lisp	3	379	48608
lisp	2	379	48576
lisp	1	379	48544
lis		0	379	48512
lisp	3	380	48736
lisp	2	380	48704
lisp	1	380	48672
lis		0	380	48640
lisp	3	381	48864
lisp	2	381	48832
lisp	1	381	48800
lis		0	381	48768
lisp	3	382	48992
lisp	2	382	48960
lisp	1	382	48928
lis		0	382	48896
lisp	3	383	49120
lisp	2	383	49088
lisp	1	383	49056
lis		0	383	49024
wu	3	0	0
wu	2	16	0
wu	1	32	0
wu	0	48	0
wu	3	64	768
wu	2	80	768
wu	1	96	768
wu	0	112	768
wu	3	128	1536
wu	2	144	1536
wu	1	160	1536
wu	0	176	1536
wu	3	192	2304
wu	2	208	2304
wu	1	224	2304
wu	0	240	2304
wu	3	256	3072
wu	2	272	3072
wu	1	288	3072
wu	0	304	3072
wu	3	320	3840
wu	2	336	3840
wu	1	352	3840
wu	0	368	3840
wu	3	384	4608
wu	2	400	4608
wu	1	416	4608
wu	0	432	4608
wu	3	448	5376
wu	2	464	5376
wu	1	480	5376
wu	0	496	5376
wu	3	512	6144
wu	2	528	6144
wu	1	544	6144
wu	0	560	6144
wu	3	576	6912
wu	2	592	6912
wu	1	608	6912
wu	0	624	6912
wu	3	640	7680
wu	2	656	7680
wu	1	672	7680
wu	0	688	7680
wu	3	704	8448
wu	2	720	8448
wu	1	736	8448
wu	0	752	8448
wu	3	768	9216
wu	2	784	9216
wu	1	800	9216
wu	0	816	9216
wu	3	832	9984
wu	2	848	9984
wu	1	864	9984
wu	0	880	9984
wu	3	896	10752
wu	2	912	10752
wu	1	928	10752
wu	0	944	10752
wu	3	960	11520
wu	2	976	11520
wu	1	992	11520
wu	0	1008	11520
wu	3	1	128
wu	2	17	128
wu	1	33	128
wu	0	49	128
wu	3	65	896
wu	2	81	896
wu	1	97	896
wu	0	113	896
wu	3	129	1664
wu	2	145	1664
wu	1	161	1664
wu	0	177	1664
wu	3	193	2432
wu	2	209	2432
wu	1	225	2432
wu	0	241	2432
wu	3	257	3200
wu	2	273	3200
wu	1	289	3200
wu	0	305	3200
wu	3	321	3968
wu	2	337	3968
wu	1	353	3968
wu	0	369	3968
wu	3	385	4736
wu	2	401	4736
wu	1	417	4736
wu	0	433	4736
wu	3	449	5504
wu	2	465	5504
wu	1	481	5504
wu	0	497	5504
wu	3	513	6272
wu	2	529	6272
wu	1	545	6272
wu	0	561	6272
wu	3	577	7040
wu	2	593	7040
wu	1	609	7040
wu	0	625	7040
wu	3	641	7808
wu	2	657	7808
wu	1	673	7808
wu	0	689	7808
wu	3	705	8576
wu	2	721	8576
wu	1	737	8576
wu	0	753	8576
wu	3	769	9344
wu	2	785	9344
wu	1	801	9344
wu	0	817	9344
wu	3	833	10112
wu	2	849	10112
wu	1	865	10112
wu	0	881	10112
wu	3	897	10880
wu	2	913	10880
wu	1	929	10880
wu	0	945	10880
wu	3	961	11648
wu	2	977	11648
wu	1	993	11648
wu	0	1009	11648
wu	3	2	256
wu	2	18	256
wu	1	34	256
wu	0	50	256
wu	3	66	1024
wu	2	82	1024
wu	1	98	1024
wu	0	114	1024
wu	3	130	1792
wu	2	146	1792
wu	1	162	1792
wu	0	178	1792
wu	3	194	2560
wu	2	210	2560
wu	1	226	2560
wu	0	242	2560
wu	3	258	3328
wu	2	274	3328
wu	1	290	3328
wu	0	306	3328
wu	3	322	4096
wu	2	338	4096
wu	1	354	4096
wu	0	370	4096
wu	3	386	4864
wu	2	402	4864
wu	1	418	4864
wu	0	434	4864
wu	3	450	5632
wu	2	466	5632
wu	1	482	5632
wu	0	498	5632
wu	3	514	6400
wu	2	530	6400
wu	1	546	6400
wu	0	562	6400
wu	3	578	7168
wu	2	594	7168
wu	1	610	7168
wu	0	626	7168
wu	3	642	7936
wu	2	658	7936
wu	1	674	7936
wu	0	690	7936
wu	3	706	8704
wu	2	722	8704
wu	1	738	8704
wu	0	754	8704
wu	3	770	9472
wu	2	786	9472
wu	1	802	9472
wu	0	818	9472
wu	3	834	10240
wu	2	850	10240
wu	1	866	10240
wu	0	882	10240
wu	3	898	11008
wu	2	914	11008
wu	1	930	11008
wu	0	946	11008
wu	3	962	11776
wu	2	978	11776
wu	1	994	11776
wu	0	1010	11776
wu	3	3	384
wu	2	19	384
wu	1	35	384
wu	0	51	384
wu	3	67	1152
wu	2	83	1152
wu	1	99	1152
wu	0	115	1152
wu	3	131	1920
wu	2	147	1920
wu	1	163	1920
wu	0	179	1920
wu	3	195	2688
wu	2	211	2688
wu	1	227	2688
wu	0	243	2688
wu	3	259	3456
wu	2	275	3456
wu	1	291	3456
wu	0	307	3456
wu	3	323	4224
wu	2	339	4224
wu	1	355	4224
wu	0	371	4224
wu	3	387	4992
wu	2	403	4992
wu	1	419	4992
wu	0	435	4992
wu	3	451	5760
wu	2	467	5760
wu	1	483	5760
wu	0	499	5760
wu	3	515	6528
wu	2	531	6528
wu	1	547	6528
wu	0	563	6528
wu	3	579	7296
wu	2	595	7296
wu	1	611	7296
wu	0	627	7296
wu	3	643	8064
wu	2	659	8064
wu	1	675	8064
wu	0	691	8064
wu	3	707	8832
wu	2	723	8832
wu	1	739	8832
wu	0	755	8832
wu	3	771	9600
wu	2	787	9600
wu	1	803	9600
wu	0	819	9600
wu	3	835	10368
wu	2	851	10368
wu	1	867	10368
wu	0	883	10368
wu	3	899	11136
wu	2	915	11136
wu	1	931	11136
wu	0	947	11136
wu	3	963	11904
wu	2	979	11904
wu	1	995	11904
wu	0	1011	11904
wu	3	4	512
wu	2	20	512
wu	1	36	512
wu	0	52	512
wu	3	68	1280
wu	2	84	1280
wu	1	100	1280
wu	0	116	1280
wu	3	132	2048
wu	2	148	2048
wu	1	164	2048
wu	0	180	2048
wu	3	196	2816
wu	2	212	2816
wu	1	228	2816
wu	0	244	2816
wu	3	260	3584
wu	2	276	3584
wu	1	292	3584
wu	0	308	3584
wu	3	324	4352
wu	2	340	4352
wu	1	356	4352
wu	0	372	4352
wu	3	388	5120
wu	2	404	5120
wu	1	420	5120
wu	0	436	5120
wu	3	452	5888
wu	2	468	5888
wu	1	484	5888
wu	0	500	5888
wu	3	516	6656
wu	2	532	6656
wu	1	548	6656
wu	0	564	6656
wu	3	580	7424
wu	2	596	7424
wu	1	612	7424
wu	0	628	7424
wu	3	644	8192
wu	2	660	8192
wu	1	676	8192
wu	0	692	8192
wu	3	708	8960
wu	2	724	8960
wu	1	740	8960
wu	0	756	8960
wu	3	772	9728
wu	2	788	9728
wu	1	804	9728
wu	0	820	9728
wu	3	836	10496
wu	2	852	10496
wu	1	868	10496
wu	0	884	10496
wu	3	900	11264
wu	2	916	11264
wu	1	932	11264
wu	0	948	11264
wu	3	964	12032
wu	2	980	12032
wu	1	996	12032
wu	0	1012	12032
wu	3	5	640
wu	2	21	640
wu	1	37	640
wu	0	53	640
wu	3	69	1408
wu	2	85	1408
wu	1	101	1408
wu	0	117	1408
wu	3	133	2176
wu	2	149	2176
wu	1	165	2176
wu	0	181	2176
wu	3	197	2944
wu	2	213	2944
wu	1	229	2944
wu	0	245	2944
wu	3	261	3712
wu	2	277	3712
wu	1	293	3712
wu	0	309	3712
wu	3	325	4480
wu	2	341	4480
wu	1	357	4480
wu	0	373	4480
wu	3	389	5248
wu	2	405	5248
wu	1	421	5248
wu	0	437	5248
wu	3	453	6016
wu	2	469	6016
wu	1	485	6016
wu	0	501	6016
wu	3	517	6784
wu	2	533	6784
wu	1	549	6784
wu	0	565	6784
wu	3	581	7552
wu	2	597	7552
wu	1	613	7552
wu	0	629	7552
wu	3	645	8320
wu	2	661	8320
wu	1	677	8320
wu	0	693	8320
wu	3	709	9088
wu	2	725	9088
wu	1	741	9088
wu	0	757	9088
wu	3	773	9856
wu	2	789	9856
wu	1	805	9856
wu	0	821	9856
wu	3	837	10624
wu	2	853	10624
wu	1	869	10624
wu	0	885	10624
wu	3	901	11392
wu	2	917	11392
wu	1	933	11392
wu	0	949	11392
wu	3	965	12160
wu	2	981	12160
wu	1	997	12160
wu	0	1013	12160
wu	3	6	12288
wu	2	22	12288
wu	1	38	12288
wu	0	54	12288
wu	3	70	13056
wu	2	86	13056
wu	1	102	13056
wu	0	118	13056
wu	3	134	13824
wu	2	150	13824
wu	1	166	13824
wu	0	182	13824
wu	3	198	14592
wu	2	214	14592
wu	1	230	14592
wu	0	246	14592
wu	3	262	15360
wu	2	278	15360
wu	1	294	15360
wu	0	310	15360
wu	3	326	16128
wu	2	342	16128
wu	1	358	16128
wu	0	374	16128
wu	3	390	16896
wu	2	406	16896
wu	1	422	16896
wu	0	438	16896
wu	3	454	17664
wu	2	470	17664
wu	1	486	17664
wu	0	502	17664
wu	3	518	18432
wu	2	534	18432
wu	1	550	18432
wu	0	566	18432
wu	3	582	19200
wu	2	598	19200
wu	1	614	19200
wu	0	630	19200
wu	3	646	19968
wu	2	662	19968
wu	1	678	19968
wu	0	694	19968
wu	3	710	20736
wu	2	726	20736
wu	1	742	20736
wu	0	758	20736
wu	3	774	21504
wu	2	790	21504
wu	1	806	21504
wu	0	822	21504
wu	3	838	22272
wu	2	854	22272
wu	1	870	22272
wu	0	886	22272
wu	3	902	23040
wu	2	918	23040
wu	1	934	23040
wu	0	950	23040
wu	3	966	23808
wu	2	982	23808
wu	1	998	23808
wu	0	1014	23808
wu	3	7	12416
wu	2	23	12416
wu	1	39	12416
wu	0	55	12416
wu	3	71	13184
wu	2	87	13184
wu	1	103	13184
wu	0	119	13184
wu	3	135	13952
wu	2	151	13952
wu	1	167	13952
wu	0	183	13952
wu	3	199	14720
wu	2	215	14720
wu	1	231	14720
wu	0	247	14720
wu	3	263	15488
wu	2	279	15488
wu	1	295	15488
wu	0	311	15488
wu	3	327	16256
wu	2	343	16256
wu	1	359	16256
wu	0	375	16256
wu	3	391	17024
wu	2	407	17024
wu	1	423	17024
wu	0	439	17024
wu	3	455	17792
wu	2	471	17792
wu	1	487	17792
wu	0	503	17792
wu	3	519	18560
wu	2	535	18560
wu	1	551	18560
wu	0	567	18560
wu	3	583	19328
wu	2	599	19328
wu	1	615	19328
wu	0	631	19328
wu	3	647	20096
wu	2	663	20096
wu	1	679	20096
wu	0	695	20096
wu	3	711	20864
wu	2	727	20864
wu	1	743	20864
wu	0	759	20864
wu	3	775	21632
wu	2	791	21632
wu	1	807	21632
wu	0	823	21632
wu	3	839	22400
wu	2	855	22400
wu	1	871	22400
wu	0	887	22400
wu	3	903	23168
wu	2	919	23168
wu	1	935	23168
wu	0	951	23168
wu	3	967	23936
wu	2	983	23936
wu	1	999	23936
wu	0	1015	23936
wu	3	8	12544
wu	2	24	12544
wu	1	40	12544
wu	0	56	12544
wu	3	72	13312
wu	2	88	13312
wu	1	104	13312
wu	0	120	13312
wu	3	136	14080
wu	2	152	14080
wu	1	168	14080
wu	0	184	14080
wu	3	200	14848
wu	2	216	14848
wu	1	232	14848
wu	0	248	14848
wu	3	264	15616
wu	2	280	15616
wu	1	296	15616
wu	0	312	15616
wu	3	328	16384
wu	2	344	16384
wu	1	360	16384
wu	0	376	16384
wu	3	392	17152
wu	2	408	17152
wu	1	424	17152
wu	0	440	17152
wu	3	456	17920
wu	2	472	17920
wu	1	488	17920
wu	0	504	17920
wu	3	520	18688
wu	2	536	18688
wu	1	552	18688
wu	0	568	18688
wu	3	584	19456
wu	2	600	19456
wu	1	616	19456
wu	0	632	19456
wu	3	648	20224
wu	2	664	20224
wu	1	680	20224
wu	0	696	20224
wu	3	712	20992
wu	2	728	20992
wu	1	744	20992
wu	0	760	20992
wu	3	776	21760
wu	2	792	21760
wu	1	808	21760
wu	0	824	21760
wu	3	840	22528
wu	2	856	22528
wu	1	872	22528
wu	0	888	22528
wu	3	904	23296
wu	2	920	23296
wu	1	936	23296
wu	0	952	23296
wu	3	968	24064
wu	2	984	24064
wu	1	1000	24064
wu	0	1016	24064
wu	3	9	12672
wu	2	25	12672
wu	1	41	12672
wu	0	57	12672
wu	3	73	13440
wu	2	89	13440
wu	1	105	13440
wu	0	121	13440
wu	3	137	14208
wu	2	153	14208
wu	1	169	14208
wu	0	185	14208
wu	3	201	14976
wu	2	217	14976
wu	1	233	14976
wu	0	249	14976
wu	3	265	15744
wu	2	281	15744
wu	1	297	15744
wu	0	313	15744
wu	3	329	16512
wu	2	345	16512
wu	1	361	16512
wu	0	377	16512
wu	3	393	17280
wu	2	409	17280
wu	1	425	17280
wu	0	441	17280
wu	3	457	18048
wu	2	473	18048
wu	1	489	18048
wu	0	505	18048
wu	3	521	18816
wu	2	537	18816
wu	1	553	18816
wu	0	569	18816
wu	3	585	19584
wu	2	601	19584
wu	1	617	19584
wu	0	633	19584
wu	3	649	20352
wu	2	665	20352
wu	1	681	20352
wu	0	697	20352
wu	3	713	21120
wu	2	729	21120
wu	1	745	21120
wu	0	761	21120
wu	3	777	21888
wu	2	793	21888
wu	1	809	21888
wu	0	825	21888
wu	3	841	22656
wu	2	857	22656
wu	1	873	22656
wu	0	889	22656
wu	3	905	23424
wu	2	921	23424
wu	1	937	23424
wu	0	953	23424
wu	3	969	24192
wu	2	985	24192
wu	1	1001	24192
wu	0	1017	24192
wu	3	10	12800
wu	2	26	12800
wu	1	42	12800
wu	0	58	12800
wu	3	74	13568
wu	2	90	13568
wu	1	106	13568
wu	0	122	13568
wu	3	138	14336
wu	2	154	14336
wu	1	170	14336
wu	0	186	14336
wu	3	202	15104
wu	2	218	15104
wu	1	234	15104
wu	0	250	15104
wu	3	266	15872
wu	2	282	15872
wu	1	298	15872
wu	0	314	15872
wu	3	330	16640
wu	2	346	16640
wu	1	362	16640
wu	0	378	16640
wu	3	394	17408
wu	2	410	17408
wu	1	426	17408
wu	0	442	17408
wu	3	458	18176
wu	2	474	18176
wu	1	490	18176
wu	0	506	18176
wu	3	522	18944
wu	2	538	18944
wu	1	554	18944
wu	0	570	18944
wu	3	586	19712
wu	2	602	19712
wu	1	618	19712
wu	0	634	19712
wu	3	650	20480
wu	2	666	20480
wu	1	682	20480
wu	0	698	20480
wu	3	714	21248
wu	2	730	21248
wu	1	746	21248
wu	0	762	21248
wu	3	778	22016
wu	2	794	22016
wu	1	810	22016
wu	0	826	22016
wu	3	842	22784
wu	2	858	22784
wu	1	874	22784
wu	0	890	22784
wu	3	906	23552
wu	2	922	23552
wu	1	938	23552
wu	0	954	23552
wu	3	970	24320
wu	2	986	24320
wu	1	1002	24320
wu	0	1018	24320
wu	3	11	12928
wu	2	27	12928
wu	1	43	12928
wu	0	59	12928
wu	3	75	13696
wu	2	91	13696
wu	1	107	13696
wu	0	123	13696
wu	3	139	14464
wu	2	155	14464
wu	1	171	14464
wu	0	187	14464
wu	3	203	15232
wu	2	219	15232
wu	1	235	15232
wu	0	251	15232
wu	3	267	16000
wu	2	283	16000
wu	1	299	16000
wu	0	315	16000
wu	3	331	16768
wu	2	347	16768
wu	1	363	16768
wu	0	379	16768
wu	3	395	17536
wu	2	411	17536
wu	1	427	17536
wu	0	443	17536
wu	3	459	18304
wu	2	475	18304
wu	1	491	18304
wu	0	507	18304
wu	3	523	19072
wu	2	539	19072
wu	1	555	19072
wu	0	571	19072
wu	3	587	19840
wu	2	603	19840
wu	1	619	19840
wu	0	635	19840
wu	3	651	20608
wu	2	667	20608
wu	1	683	20608
wu	0	699	20608
wu	3	715	21376
wu	2	731	21376
wu	1	747	21376
wu	0	763	21376
wu	3	779	22144
wu	2	795	22144
wu	1	811	22144
wu	0	827	22144
wu	3	843	22912
wu	2	859	22912
wu	1	875	22912
wu	0	891	22912
wu	3	907	23680
wu	2	923	23680
wu	1	939	23680
wu	0	955	23680
wu	3	971	24448
wu	2	987	24448
wu	1	1003	24448
wu	0	1019	24448
wu	3	12	24576
wu	2	28	24576
wu	1	44	24576
wu	0	60	24576
wu	3	76	25344
wu	2	92	25344
wu	1	108	25344
wu	0	124	25344
wu	3	140	26112
wu	2	156	26112
wu	1	172	26112
wu	0	188	26112
wu	3	204	26880
wu	2	220	26880
wu	1	236	26880
wu	0	252	26880
wu	3	268	27648
wu	2	284	27648
wu	1	300	27648
wu	0	316	27648
wu	3	332	28416
wu	2	348	28416
wu	1	364	28416
wu	0	380	28416
wu	3	396	29184
wu	2	412	29184
wu	1	428	29184
wu	0	444	29184
wu	3	460	29952
wu	2	476	29952
wu	1	492	29952
wu	0	508	29952
wu	3	524	30720
wu	2	540	30720
wu	1	556	30720
wu	0	572	30720
wu	3	588	31488
wu	2	604	31488
wu	1	620	31488
wu	0	636	31488
wu	3	652	32256
wu	2	668	32256
wu	1	684	32256
wu	0	700	32256
wu	3	716	33024
wu	2	732	33024
wu	1	748	33024
wu	0	764	33024
wu	3	780	33792
wu	2	796	33792
wu	1	812	33792
wu	0	828	33792
wu	3	844	34560
wu	2	860	34560
wu	1	876	34560
wu	0	892	34560
wu	3	908	35328
wu	2	924	35328
wu	1	940	35328
wu	0	956	35328
wu	3	972	36096
wu	2	988	36096
wu	1	1004	36096
wu	0	1020	36096
wu	3	13	24704
wu	2	29	24704
wu	1	45	24704
wu	0	61	24704
wu	3	77	25472
wu	2	93	25472
wu	1	109	25472
wu	0	125	25472
wu	3	141	26240
wu	2	157	26240
wu	1	173	26240
wu	0	189	26240
wu	3	205	27008
wu	2	221	27008
wu	1	237	27008
wu	0	253	27008
wu	3	269	27776
wu	2	285	27776
wu	1	301	27776
wu	0	317	27776
wu	3	333	28544
wu	2	349	28544
wu	1	365	28544
wu	0	381	28544
wu	3	397	29312
wu	2	413	29312
wu	1	429	29312
wu	0	445	29312
wu	3	461	30080
wu	2	477	30080
wu	1	493	30080
wu	0	509	30080
wu	3	525	30848
wu	2	541	30848
wu	1	557	30848
wu	0	573	30848
wu	3	589	31616
wu	2	605	31616
wu	1	621	31616
wu	0	637	31616
wu	3	653	32384
wu	2	669	32384
wu	1	685	32384
wu	0	701	32384
wu	3	717	33152
wu	2	733	33152
wu	1	749	33152
wu	0	765	33152
wu	3	781	33920
wu	2	797	33920
wu	1	813	33920
wu	0	829	33920
wu	3	845	34688
wu	2	861	34688
wu	1	877	34688
wu	0	893	34688
wu	3	909	35456
wu	2	925	35456
wu	1	941	35456
wu	0	957	35456
wu	3	973	36224
wu	2	989	36224
wu	1	1005	36224
wu	0	1021	36224
wu	3	14	24832
wu	2	30	24832
wu	1	46	24832
wu	0	62	24832
wu	3	78	25600
wu	2	94	25600
wu	1	110	25600
wu	0	126	25600
wu	3	142	26368
wu	2	158	26368
wu	1	174	26368
wu	0	190	26368
wu	3	206	27136
wu	2	222	27136
wu	1	238	27136
wu	0	254	27136
wu	3	270	27904
wu	2	286	27904
wu	1	302	27904
wu	0	318	27904
wu	3	334	28672
wu	2	350	28672
wu	1	366	28672
wu	0	382	28672
wu	3	398	29440
wu	2	414	29440
wu	1	430	29440
wu	0	446	29440
wu	3	462	30208
wu	2	478	30208
wu	1	494	30208
wu	0	510	30208
wu	3	526	30976
wu	2	542	30976
wu	1	558	30976
wu	0	574	30976
wu	3	590	31744
wu	2	606	31744
wu	1	622	31744
wu	0	638	31744
wu	3	654	32512
wu	2	670	32512
wu	1	686	32512
wu	0	702	32512
wu	3	718	33280
wu	2	734	33280
wu	1	750	33280
wu	0	766	33280
wu	3	782	34048
wu	2	798	34048
wu	1	814	34048
wu	0	830	34048
wu	3	846	34816
wu	2	862	34816
wu	1	878	34816
wu	0	894	34816
wu	3	910	35584
wu	2	926	35584
wu	1	942	35584
wu	0	958	35584
wu	3	974	36352
wu	2	990	36352
wu	1	1006	36352
wu	0	1022	36352
wu	3	15	24960
wu	2	31	24960
wu	1	47	24960
wu	0	63	24960
wu	3	79	25728
wu	2	95	25728
wu	1	111	25728
wu	0	127	25728
wu	3	143	26496
wu	2	159	26496
wu	1	175	26496
wu	0	191	26496
wu	3	207	27264
wu	2	223	27264
wu	1	239	27264
wu	0	255	27264
wu	3	271	28032
wu	2	287	28032
wu	1	303	28032
wu	0	319	28032
wu	3	335	28800
wu	2	351	28800
wu	1	367	28800
wu	0	383	28800
wu	3	399	29568
wu	2	415	29568
wu	1	431	29568
wu	0	447	29568
wu	3	463	30336
wu	2	479	30336
wu	1	495	30336
wu	0	511	30336
wu	3	527	31104
wu	2	543	31104
wu	1	559	31104
wu	0	575	31104
wu	3	591	31872
wu	2	607	31872
wu	1	623	31872
wu	0	639	31872
wu	3	655	32640
wu	2	671	32640
wu	1	687	32640
wu	0	703	32640
wu	3	719	33408
wu	2	735	33408
wu	1	751	33408
wu	0	767	33408
wu	3	783	34176
wu	2	799	34176
wu	1	815	34176
wu	0	831	34176
wu	3	847	34944
wu	2	863	34944
wu	1	879	34944
wu	0	895	34944
wu	3	911	35712
wu	2	927	35712
wu	1	943	35712
wu	0	959	35712
wu	3	975	36480
wu	2	991	36480
wu	1	1007	36480
wu	0	1023	36480
nop
nop
nop
nop
cmpfis_int8	0	0	aor	0
cmpfis_int8	1	1	aor	0
cmpfis_int8	2	2	aor	0
cmpfis_int8	3	3	aor	0
cmpfis_int8	4	4	aor	0
cmpfis_int8	5	5	tos	0
cmpfis_int8	0	6	aor	1
cmpfis_int8	1	7	aor	1
cmpfis_int8	2	8	aor	1
cmpfis_int8	3	9	aor	1
cmpfis_int8	4	10	aor	1
cmpfis_int8	5	11	tos	1
cmpfis_int8	0	12	aor	2
cmpfis_int8	1	13	aor	2
cmpfis_int8	2	14	aor	2
cmpfis_int8	3	15	tos	2
cmpfis_int8	6	0	aor	4
cmpfis_int8	7	1	aor	4
cmpfis_int8	8	2	aor	4
cmpfis_int8	9	3	aor	4
cmpfis_int8	10	4	aor	4
cmpfis_int8	11	5	tos	4
cmpfis_int8	6	6	aor	5
cmpfis_int8	7	7	aor	5
cmpfis_int8	8	8	aor	5
cmpfis_int8	9	9	aor	5
cmpfis_int8	10	10	aor	5
cmpfis_int8	11	11	tos	5
cmpfis_int8	6	12	aor	6
cmpfis_int8	7	13	aor	6
cmpfis_int8	8	14	aor	6
cmpfis_int8	9	15	tos	6
cmpfis_int8	12	0	aor	8
cmpfis_int8	13	1	aor	8
cmpfis_int8	14	2	aor	8
cmpfis_int8	15	3	aor	8
cmpfis_int8	16	4	aor	8
cmpfis_int8	17	5	tos	8
cmpfis_int8	12	6	aor	9
cmpfis_int8	13	7	aor	9
cmpfis_int8	14	8	aor	9
cmpfis_int8	15	9	aor	9
cmpfis_int8	16	10	aor	9
cmpfis_int8	17	11	tos	9
cmpfis_int8	12	12	aor	10
cmpfis_int8	13	13	aor	10
cmpfis_int8	14	14	aor	10
cmpfis_int8	15	15	tos	10
cmpfis_int8	18	0	aor	12
cmpfis_int8	19	1	aor	12
cmpfis_int8	20	2	aor	12
cmpfis_int8	21	3	aor	12
cmpfis_int8	22	4	aor	12
cmpfis_int8	23	5	tos	12
cmpfis_int8	18	6	aor	13
cmpfis_int8	19	7	aor	13
cmpfis_int8	20	8	aor	13
cmpfis_int8	21	9	aor	13
cmpfis_int8	22	10	aor	13
cmpfis_int8	23	11	tos	13
cmpfis_int8	18	12	aor	14
cmpfis_int8	19	13	aor	14
cmpfis_int8	20	14	aor	14
cmpfis_int8	21	15	tos	14
cmpfis_int8	24	0	aor	16
cmpfis_int8	25	1	aor	16
cmpfis_int8	26	2	aor	16
cmpfis_int8	27	3	aor	16
cmpfis_int8	28	4	aor	16
cmpfis_int8	29	5	tos	16
cmpfis_int8	24	6	aor	17
cmpfis_int8	25	7	aor	17
cmpfis_int8	26	8	aor	17
cmpfis_int8	27	9	aor	17
cmpfis_int8	28	10	aor	17
cmpfis_int8	29	11	tos	17
cmpfis_int8	24	12	aor	18
cmpfis_int8	25	13	aor	18
cmpfis_int8	26	14	aor	18
cmpfis_int8	27	15	tos	18
cmpfis_int8	30	0	aor	20
cmpfis_int8	31	1	aor	20
cmpfis_int8	32	2	aor	20
cmpfis_int8	33	3	aor	20
cmpfis_int8	34	4	aor	20
cmpfis_int8	35	5	tos	20
cmpfis_int8	30	6	aor	21
cmpfis_int8	31	7	aor	21
cmpfis_int8	32	8	aor	21
cmpfis_int8	33	9	aor	21
cmpfis_int8	34	10	aor	21
cmpfis_int8	35	11	tos	21
cmpfis_int8	30	12	aor	22
cmpfis_int8	31	13	aor	22
cmpfis_int8	32	14	aor	22
cmpfis_int8	33	15	tos	22
cmpfis_int8	36	0	aor	24
cmpfis_int8	37	1	aor	24
cmpfis_int8	38	2	aor	24
cmpfis_int8	39	3	aor	24
cmpfis_int8	40	4	aor	24
cmpfis_int8	41	5	tos	24
cmpfis_int8	36	6	aor	25
cmpfis_int8	37	7	aor	25
cmpfis_int8	38	8	aor	25
cmpfis_int8	39	9	aor	25
cmpfis_int8	40	10	aor	25
cmpfis_int8	41	11	tos	25
cmpfis_int8	36	12	aor	26
cmpfis_int8	37	13	aor	26
cmpfis_int8	38	14	aor	26
cmpfis_int8	39	15	tos	26
cmpfis_int8	42	0	aor	28
cmpfis_int8	43	1	aor	28
cmpfis_int8	44	2	aor	28
cmpfis_int8	45	3	aor	28
cmpfis_int8	46	4	aor	28
cmpfis_int8	47	5	tos	28
cmpfis_int8	42	6	aor	29
cmpfis_int8	43	7	aor	29
cmpfis_int8	44	8	aor	29
cmpfis_int8	45	9	aor	29
cmpfis_int8	46	10	aor	29
cmpfis_int8	47	11	tos	29
cmpfis_int8	42	12	aor	30
cmpfis_int8	43	13	aor	30
cmpfis_int8	44	14	aor	30
cmpfis_int8	45	15	tos	30
cmpfis_int8	48	0	aor	32
cmpfis_int8	49	1	aor	32
cmpfis_int8	50	2	aor	32
cmpfis_int8	51	3	aor	32
cmpfis_int8	52	4	aor	32
cmpfis_int8	53	5	tos	32
cmpfis_int8	48	6	aor	33
cmpfis_int8	49	7	aor	33
cmpfis_int8	50	8	aor	33
cmpfis_int8	51	9	aor	33
cmpfis_int8	52	10	aor	33
cmpfis_int8	53	11	tos	33
cmpfis_int8	48	12	aor	34
cmpfis_int8	49	13	aor	34
cmpfis_int8	50	14	aor	34
cmpfis_int8	51	15	tos	34
cmpfis_int8	54	0	aor	36
cmpfis_int8	55	1	aor	36
cmpfis_int8	56	2	aor	36
cmpfis_int8	57	3	aor	36
cmpfis_int8	58	4	aor	36
cmpfis_int8	59	5	tos	36
cmpfis_int8	54	6	aor	37
cmpfis_int8	55	7	aor	37
cmpfis_int8	56	8	aor	37
cmpfis_int8	57	9	aor	37
cmpfis_int8	58	10	aor	37
cmpfis_int8	59	11	tos	37
cmpfis_int8	54	12	aor	38
cmpfis_int8	55	13	aor	38
cmpfis_int8	56	14	aor	38
cmpfis_int8	57	15	tos	38
cmpfis_int8	60	0	aor	40
cmpfis_int8	61	1	aor	40
cmpfis_int8	62	2	aor	40
cmpfis_int8	63	3	aor	40
cmpfis_int8	64	4	aor	40
cmpfis_int8	65	5	tos	40
cmpfis_int8	60	6	aor	41
cmpfis_int8	61	7	aor	41
cmpfis_int8	62	8	aor	41
cmpfis_int8	63	9	aor	41
cmpfis_int8	64	10	aor	41
cmpfis_int8	65	11	tos	41
cmpfis_int8	60	12	aor	42
cmpfis_int8	61	13	aor	42
cmpfis_int8	62	14	aor	42
cmpfis_int8	63	15	tos	42
cmpfis_int8	66	0	aor	44
cmpfis_int8	67	1	aor	44
cmpfis_int8	68	2	aor	44
cmpfis_int8	69	3	aor	44
cmpfis_int8	70	4	aor	44
cmpfis_int8	71	5	tos	44
cmpfis_int8	66	6	aor	45
cmpfis_int8	67	7	aor	45
cmpfis_int8	68	8	aor	45
cmpfis_int8	69	9	aor	45
cmpfis_int8	70	10	aor	45
cmpfis_int8	71	11	tos	45
cmpfis_int8	66	12	aor	46
cmpfis_int8	67	13	aor	46
cmpfis_int8	68	14	aor	46
cmpfis_int8	69	15	tos	46
cmpfis_int8	72	0	aor	48
cmpfis_int8	73	1	aor	48
cmpfis_int8	74	2	aor	48
cmpfis_int8	75	3	aor	48
cmpfis_int8	76	4	aor	48
cmpfis_int8	77	5	tos	48
cmpfis_int8	72	6	aor	49
cmpfis_int8	73	7	aor	49
cmpfis_int8	74	8	aor	49
cmpfis_int8	75	9	aor	49
cmpfis_int8	76	10	aor	49
cmpfis_int8	77	11	tos	49
cmpfis_int8	72	12	aor	50
cmpfis_int8	73	13	aor	50
cmpfis_int8	74	14	aor	50
cmpfis_int8	75	15	tos	50
cmpfis_int8	78	0	aor	52
cmpfis_int8	79	1	aor	52
cmpfis_int8	80	2	aor	52
cmpfis_int8	81	3	aor	52
cmpfis_int8	82	4	aor	52
cmpfis_int8	83	5	tos	52
cmpfis_int8	78	6	aor	53
cmpfis_int8	79	7	aor	53
cmpfis_int8	80	8	aor	53
cmpfis_int8	81	9	aor	53
cmpfis_int8	82	10	aor	53
cmpfis_int8	83	11	tos	53
cmpfis_int8	78	12	aor	54
cmpfis_int8	79	13	aor	54
cmpfis_int8	80	14	aor	54
cmpfis_int8	81	15	tos	54
cmpfis_int8	84	0	aor	56
cmpfis_int8	85	1	aor	56
cmpfis_int8	86	2	aor	56
cmpfis_int8	87	3	aor	56
cmpfis_int8	88	4	aor	56
cmpfis_int8	89	5	tos	56
cmpfis_int8	84	6	aor	57
cmpfis_int8	85	7	aor	57
cmpfis_int8	86	8	aor	57
cmpfis_int8	87	9	aor	57
cmpfis_int8	88	10	aor	57
cmpfis_int8	89	11	tos	57
cmpfis_int8	84	12	aor	58
cmpfis_int8	85	13	aor	58
cmpfis_int8	86	14	aor	58
cmpfis_int8	87	15	tos	58
cmpfis_int8	90	0	aor	60
cmpfis_int8	91	1	aor	60
cmpfis_int8	92	2	aor	60
cmpfis_int8	93	3	aor	60
cmpfis_int8	94	4	aor	60
cmpfis_int8	95	5	tos	60
cmpfis_int8	90	6	aor	61
cmpfis_int8	91	7	aor	61
cmpfis_int8	92	8	aor	61
cmpfis_int8	93	9	aor	61
cmpfis_int8	94	10	aor	61
cmpfis_int8	95	11	tos	61
cmpfis_int8	90	12	aor	62
cmpfis_int8	91	13	aor	62
cmpfis_int8	92	14	aor	62
cmpfis_int8	93	15	tos	62
cmpfis_int8	96	0	aor	64
cmpfis_int8	97	1	aor	64
cmpfis_int8	98	2	aor	64
cmpfis_int8	99	3	aor	64
cmpfis_int8	100	4	aor	64
cmpfis_int8	101	5	tos	64
cmpfis_int8	96	6	aor	65
cmpfis_int8	97	7	aor	65
cmpfis_int8	98	8	aor	65
cmpfis_int8	99	9	aor	65
cmpfis_int8	100	10	aor	65
cmpfis_int8	101	11	tos	65
cmpfis_int8	96	12	aor	66
cmpfis_int8	97	13	aor	66
cmpfis_int8	98	14	aor	66
cmpfis_int8	99	15	tos	66
cmpfis_int8	102	0	aor	68
cmpfis_int8	103	1	aor	68
cmpfis_int8	104	2	aor	68
cmpfis_int8	105	3	aor	68
cmpfis_int8	106	4	aor	68
cmpfis_int8	107	5	tos	68
cmpfis_int8	102	6	aor	69
cmpfis_int8	103	7	aor	69
cmpfis_int8	104	8	aor	69
cmpfis_int8	105	9	aor	69
cmpfis_int8	106	10	aor	69
cmpfis_int8	107	11	tos	69
cmpfis_int8	102	12	aor	70
cmpfis_int8	103	13	aor	70
cmpfis_int8	104	14	aor	70
cmpfis_int8	105	15	tos	70
cmpfis_int8	108	0	aor	72
cmpfis_int8	109	1	aor	72
cmpfis_int8	110	2	aor	72
cmpfis_int8	111	3	aor	72
cmpfis_int8	112	4	aor	72
cmpfis_int8	113	5	tos	72
cmpfis_int8	108	6	aor	73
cmpfis_int8	109	7	aor	73
cmpfis_int8	110	8	aor	73
cmpfis_int8	111	9	aor	73
cmpfis_int8	112	10	aor	73
cmpfis_int8	113	11	tos	73
cmpfis_int8	108	12	aor	74
cmpfis_int8	109	13	aor	74
cmpfis_int8	110	14	aor	74
cmpfis_int8	111	15	tos	74
cmpfis_int8	114	0	aor	76
cmpfis_int8	115	1	aor	76
cmpfis_int8	116	2	aor	76
cmpfis_int8	117	3	aor	76
cmpfis_int8	118	4	aor	76
cmpfis_int8	119	5	tos	76
cmpfis_int8	114	6	aor	77
cmpfis_int8	115	7	aor	77
cmpfis_int8	116	8	aor	77
cmpfis_int8	117	9	aor	77
cmpfis_int8	118	10	aor	77
cmpfis_int8	119	11	tos	77
cmpfis_int8	114	12	aor	78
cmpfis_int8	115	13	aor	78
cmpfis_int8	116	14	aor	78
cmpfis_int8	117	15	tos	78
cmpfis_int8	120	0	aor	80
cmpfis_int8	121	1	aor	80
cmpfis_int8	122	2	aor	80
cmpfis_int8	123	3	aor	80
cmpfis_int8	124	4	aor	80
cmpfis_int8	125	5	tos	80
cmpfis_int8	120	6	aor	81
cmpfis_int8	121	7	aor	81
cmpfis_int8	122	8	aor	81
cmpfis_int8	123	9	aor	81
cmpfis_int8	124	10	aor	81
cmpfis_int8	125	11	tos	81
cmpfis_int8	120	12	aor	82
cmpfis_int8	121	13	aor	82
cmpfis_int8	122	14	aor	82
cmpfis_int8	123	15	tos	82
cmpfis_int8	126	0	aor	84
cmpfis_int8	127	1	aor	84
cmpfis_int8	128	2	aor	84
cmpfis_int8	129	3	aor	84
cmpfis_int8	130	4	aor	84
cmpfis_int8	131	5	tos	84
cmpfis_int8	126	6	aor	85
cmpfis_int8	127	7	aor	85
cmpfis_int8	128	8	aor	85
cmpfis_int8	129	9	aor	85
cmpfis_int8	130	10	aor	85
cmpfis_int8	131	11	tos	85
cmpfis_int8	126	12	aor	86
cmpfis_int8	127	13	aor	86
cmpfis_int8	128	14	aor	86
cmpfis_int8	129	15	tos	86
cmpfis_int8	132	0	aor	88
cmpfis_int8	133	1	aor	88
cmpfis_int8	134	2	aor	88
cmpfis_int8	135	3	aor	88
cmpfis_int8	136	4	aor	88
cmpfis_int8	137	5	tos	88
cmpfis_int8	132	6	aor	89
cmpfis_int8	133	7	aor	89
cmpfis_int8	134	8	aor	89
cmpfis_int8	135	9	aor	89
cmpfis_int8	136	10	aor	89
cmpfis_int8	137	11	tos	89
cmpfis_int8	132	12	aor	90
cmpfis_int8	133	13	aor	90
cmpfis_int8	134	14	aor	90
cmpfis_int8	135	15	tos	90
cmpfis_int8	138	0	aor	92
cmpfis_int8	139	1	aor	92
cmpfis_int8	140	2	aor	92
cmpfis_int8	141	3	aor	92
cmpfis_int8	142	4	aor	92
cmpfis_int8	143	5	tos	92
cmpfis_int8	138	6	aor	93
cmpfis_int8	139	7	aor	93
cmpfis_int8	140	8	aor	93
cmpfis_int8	141	9	aor	93
cmpfis_int8	142	10	aor	93
cmpfis_int8	143	11	tos	93
cmpfis_int8	138	12	aor	94
cmpfis_int8	139	13	aor	94
cmpfis_int8	140	14	aor	94
cmpfis_int8	141	15	tos	94
cmpfis_int8	144	0	aor	96
cmpfis_int8	145	1	aor	96
cmpfis_int8	146	2	aor	96
cmpfis_int8	147	3	aor	96
cmpfis_int8	148	4	aor	96
cmpfis_int8	149	5	tos	96
cmpfis_int8	144	6	aor	97
cmpfis_int8	145	7	aor	97
cmpfis_int8	146	8	aor	97
cmpfis_int8	147	9	aor	97
cmpfis_int8	148	10	aor	97
cmpfis_int8	149	11	tos	97
cmpfis_int8	144	12	aor	98
cmpfis_int8	145	13	aor	98
cmpfis_int8	146	14	aor	98
cmpfis_int8	147	15	tos	98
cmpfis_int8	150	0	aor	100
cmpfis_int8	151	1	aor	100
cmpfis_int8	152	2	aor	100
cmpfis_int8	153	3	aor	100
cmpfis_int8	154	4	aor	100
cmpfis_int8	155	5	tos	100
cmpfis_int8	150	6	aor	101
cmpfis_int8	151	7	aor	101
cmpfis_int8	152	8	aor	101
cmpfis_int8	153	9	aor	101
cmpfis_int8	154	10	aor	101
cmpfis_int8	155	11	tos	101
cmpfis_int8	150	12	aor	102
cmpfis_int8	151	13	aor	102
cmpfis_int8	152	14	aor	102
cmpfis_int8	153	15	tos	102
cmpfis_int8	156	0	aor	104
cmpfis_int8	157	1	aor	104
cmpfis_int8	158	2	aor	104
cmpfis_int8	159	3	aor	104
cmpfis_int8	160	4	aor	104
cmpfis_int8	161	5	tos	104
cmpfis_int8	156	6	aor	105
cmpfis_int8	157	7	aor	105
cmpfis_int8	158	8	aor	105
cmpfis_int8	159	9	aor	105
cmpfis_int8	160	10	aor	105
cmpfis_int8	161	11	tos	105
cmpfis_int8	156	12	aor	106
cmpfis_int8	157	13	aor	106
cmpfis_int8	158	14	aor	106
cmpfis_int8	159	15	tos	106
cmpfis_int8	162	0	aor	108
cmpfis_int8	163	1	aor	108
cmpfis_int8	164	2	aor	108
cmpfis_int8	165	3	aor	108
cmpfis_int8	166	4	aor	108
cmpfis_int8	167	5	tos	108
cmpfis_int8	162	6	aor	109
cmpfis_int8	163	7	aor	109
cmpfis_int8	164	8	aor	109
cmpfis_int8	165	9	aor	109
cmpfis_int8	166	10	aor	109
cmpfis_int8	167	11	tos	109
cmpfis_int8	162	12	aor	110
cmpfis_int8	163	13	aor	110
cmpfis_int8	164	14	aor	110
cmpfis_int8	165	15	tos	110
cmpfis_int8	168	0	aor	112
cmpfis_int8	169	1	aor	112
cmpfis_int8	170	2	aor	112
cmpfis_int8	171	3	aor	112
cmpfis_int8	172	4	aor	112
cmpfis_int8	173	5	tos	112
cmpfis_int8	168	6	aor	113
cmpfis_int8	169	7	aor	113
cmpfis_int8	170	8	aor	113
cmpfis_int8	171	9	aor	113
cmpfis_int8	172	10	aor	113
cmpfis_int8	173	11	tos	113
cmpfis_int8	168	12	aor	114
cmpfis_int8	169	13	aor	114
cmpfis_int8	170	14	aor	114
cmpfis_int8	171	15	tos	114
cmpfis_int8	174	0	aor	116
cmpfis_int8	175	1	aor	116
cmpfis_int8	176	2	aor	116
cmpfis_int8	177	3	aor	116
cmpfis_int8	178	4	aor	116
cmpfis_int8	179	5	tos	116
cmpfis_int8	174	6	aor	117
cmpfis_int8	175	7	aor	117
cmpfis_int8	176	8	aor	117
cmpfis_int8	177	9	aor	117
cmpfis_int8	178	10	aor	117
cmpfis_int8	179	11	tos	117
cmpfis_int8	174	12	aor	118
cmpfis_int8	175	13	aor	118
cmpfis_int8	176	14	aor	118
cmpfis_int8	177	15	tos	118
cmpfis_int8	180	0	aor	120
cmpfis_int8	181	1	aor	120
cmpfis_int8	182	2	aor	120
cmpfis_int8	183	3	aor	120
cmpfis_int8	184	4	aor	120
cmpfis_int8	185	5	tos	120
cmpfis_int8	180	6	aor	121
cmpfis_int8	181	7	aor	121
cmpfis_int8	182	8	aor	121
cmpfis_int8	183	9	aor	121
cmpfis_int8	184	10	aor	121
cmpfis_int8	185	11	tos	121
cmpfis_int8	180	12	aor	122
cmpfis_int8	181	13	aor	122
cmpfis_int8	182	14	aor	122
cmpfis_int8	183	15	tos	122
cmpfis_int8	186	0	aor	124
cmpfis_int8	187	1	aor	124
cmpfis_int8	188	2	aor	124
cmpfis_int8	189	3	aor	124
cmpfis_int8	190	4	aor	124
cmpfis_int8	191	5	tos	124
cmpfis_int8	186	6	aor	125
cmpfis_int8	187	7	aor	125
cmpfis_int8	188	8	aor	125
cmpfis_int8	189	9	aor	125
cmpfis_int8	190	10	aor	125
cmpfis_int8	191	11	tos	125
cmpfis_int8	186	12	aor	126
cmpfis_int8	187	13	aor	126
cmpfis_int8	188	14	aor	126
cmpfis_int8	189	15	tos	126
cmpfis_int8	192	0	aor	128
cmpfis_int8	193	1	aor	128
cmpfis_int8	194	2	aor	128
cmpfis_int8	195	3	aor	128
cmpfis_int8	196	4	aor	128
cmpfis_int8	197	5	tos	128
cmpfis_int8	192	6	aor	129
cmpfis_int8	193	7	aor	129
cmpfis_int8	194	8	aor	129
cmpfis_int8	195	9	aor	129
cmpfis_int8	196	10	aor	129
cmpfis_int8	197	11	tos	129
cmpfis_int8	192	12	aor	130
cmpfis_int8	193	13	aor	130
cmpfis_int8	194	14	aor	130
cmpfis_int8	195	15	tos	130
cmpfis_int8	198	0	aor	132
cmpfis_int8	199	1	aor	132
cmpfis_int8	200	2	aor	132
cmpfis_int8	201	3	aor	132
cmpfis_int8	202	4	aor	132
cmpfis_int8	203	5	tos	132
cmpfis_int8	198	6	aor	133
cmpfis_int8	199	7	aor	133
cmpfis_int8	200	8	aor	133
cmpfis_int8	201	9	aor	133
cmpfis_int8	202	10	aor	133
cmpfis_int8	203	11	tos	133
cmpfis_int8	198	12	aor	134
cmpfis_int8	199	13	aor	134
cmpfis_int8	200	14	aor	134
cmpfis_int8	201	15	tos	134
cmpfis_int8	204	0	aor	136
cmpfis_int8	205	1	aor	136
cmpfis_int8	206	2	aor	136
cmpfis_int8	207	3	aor	136
cmpfis_int8	208	4	aor	136
cmpfis_int8	209	5	tos	136
cmpfis_int8	204	6	aor	137
cmpfis_int8	205	7	aor	137
cmpfis_int8	206	8	aor	137
cmpfis_int8	207	9	aor	137
cmpfis_int8	208	10	aor	137
cmpfis_int8	209	11	tos	137
cmpfis_int8	204	12	aor	138
cmpfis_int8	205	13	aor	138
cmpfis_int8	206	14	aor	138
cmpfis_int8	207	15	tos	138
cmpfis_int8	210	0	aor	140
cmpfis_int8	211	1	aor	140
cmpfis_int8	212	2	aor	140
cmpfis_int8	213	3	aor	140
cmpfis_int8	214	4	aor	140
cmpfis_int8	215	5	tos	140
cmpfis_int8	210	6	aor	141
cmpfis_int8	211	7	aor	141
cmpfis_int8	212	8	aor	141
cmpfis_int8	213	9	aor	141
cmpfis_int8	214	10	aor	141
cmpfis_int8	215	11	tos	141
cmpfis_int8	210	12	aor	142
cmpfis_int8	211	13	aor	142
cmpfis_int8	212	14	aor	142
cmpfis_int8	213	15	tos	142
cmpfis_int8	216	0	aor	144
cmpfis_int8	217	1	aor	144
cmpfis_int8	218	2	aor	144
cmpfis_int8	219	3	aor	144
cmpfis_int8	220	4	aor	144
cmpfis_int8	221	5	tos	144
cmpfis_int8	216	6	aor	145
cmpfis_int8	217	7	aor	145
cmpfis_int8	218	8	aor	145
cmpfis_int8	219	9	aor	145
cmpfis_int8	220	10	aor	145
cmpfis_int8	221	11	tos	145
cmpfis_int8	216	12	aor	146
cmpfis_int8	217	13	aor	146
cmpfis_int8	218	14	aor	146
cmpfis_int8	219	15	tos	146
cmpfis_int8	222	0	aor	148
cmpfis_int8	223	1	aor	148
cmpfis_int8	224	2	aor	148
cmpfis_int8	225	3	aor	148
cmpfis_int8	226	4	aor	148
cmpfis_int8	227	5	tos	148
cmpfis_int8	222	6	aor	149
cmpfis_int8	223	7	aor	149
cmpfis_int8	224	8	aor	149
cmpfis_int8	225	9	aor	149
cmpfis_int8	226	10	aor	149
cmpfis_int8	227	11	tos	149
cmpfis_int8	222	12	aor	150
cmpfis_int8	223	13	aor	150
cmpfis_int8	224	14	aor	150
cmpfis_int8	225	15	tos	150
cmpfis_int8	228	0	aor	152
cmpfis_int8	229	1	aor	152
cmpfis_int8	230	2	aor	152
cmpfis_int8	231	3	aor	152
cmpfis_int8	232	4	aor	152
cmpfis_int8	233	5	tos	152
cmpfis_int8	228	6	aor	153
cmpfis_int8	229	7	aor	153
cmpfis_int8	230	8	aor	153
cmpfis_int8	231	9	aor	153
cmpfis_int8	232	10	aor	153
cmpfis_int8	233	11	tos	153
cmpfis_int8	228	12	aor	154
cmpfis_int8	229	13	aor	154
cmpfis_int8	230	14	aor	154
cmpfis_int8	231	15	tos	154
cmpfis_int8	234	0	aor	156
cmpfis_int8	235	1	aor	156
cmpfis_int8	236	2	aor	156
cmpfis_int8	237	3	aor	156
cmpfis_int8	238	4	aor	156
cmpfis_int8	239	5	tos	156
cmpfis_int8	234	6	aor	157
cmpfis_int8	235	7	aor	157
cmpfis_int8	236	8	aor	157
cmpfis_int8	237	9	aor	157
cmpfis_int8	238	10	aor	157
cmpfis_int8	239	11	tos	157
cmpfis_int8	234	12	aor	158
cmpfis_int8	235	13	aor	158
cmpfis_int8	236	14	aor	158
cmpfis_int8	237	15	tos	158
cmpfis_int8	240	0	aor	160
cmpfis_int8	241	1	aor	160
cmpfis_int8	242	2	aor	160
cmpfis_int8	243	3	aor	160
cmpfis_int8	244	4	aor	160
cmpfis_int8	245	5	tos	160
cmpfis_int8	240	6	aor	161
cmpfis_int8	241	7	aor	161
cmpfis_int8	242	8	aor	161
cmpfis_int8	243	9	aor	161
cmpfis_int8	244	10	aor	161
cmpfis_int8	245	11	tos	161
cmpfis_int8	240	12	aor	162
cmpfis_int8	241	13	aor	162
cmpfis_int8	242	14	aor	162
cmpfis_int8	243	15	tos	162
cmpfis_int8	246	0	aor	164
cmpfis_int8	247	1	aor	164
cmpfis_int8	248	2	aor	164
cmpfis_int8	249	3	aor	164
cmpfis_int8	250	4	aor	164
cmpfis_int8	251	5	tos	164
cmpfis_int8	246	6	aor	165
cmpfis_int8	247	7	aor	165
cmpfis_int8	248	8	aor	165
cmpfis_int8	249	9	aor	165
cmpfis_int8	250	10	aor	165
cmpfis_int8	251	11	tos	165
cmpfis_int8	246	12	aor	166
cmpfis_int8	247	13	aor	166
cmpfis_int8	248	14	aor	166
cmpfis_int8	249	15	tos	166
cmpfis_int8	252	0	aor	168
cmpfis_int8	253	1	aor	168
cmpfis_int8	254	2	aor	168
cmpfis_int8	255	3	aor	168
cmpfis_int8	256	4	aor	168
cmpfis_int8	257	5	tos	168
cmpfis_int8	252	6	aor	169
cmpfis_int8	253	7	aor	169
cmpfis_int8	254	8	aor	169
cmpfis_int8	255	9	aor	169
cmpfis_int8	256	10	aor	169
cmpfis_int8	257	11	tos	169
cmpfis_int8	252	12	aor	170
cmpfis_int8	253	13	aor	170
cmpfis_int8	254	14	aor	170
cmpfis_int8	255	15	tos	170
cmpfis_int8	258	0	aor	172
cmpfis_int8	259	1	aor	172
cmpfis_int8	260	2	aor	172
cmpfis_int8	261	3	aor	172
cmpfis_int8	262	4	aor	172
cmpfis_int8	263	5	tos	172
cmpfis_int8	258	6	aor	173
cmpfis_int8	259	7	aor	173
cmpfis_int8	260	8	aor	173
cmpfis_int8	261	9	aor	173
cmpfis_int8	262	10	aor	173
cmpfis_int8	263	11	tos	173
cmpfis_int8	258	12	aor	174
cmpfis_int8	259	13	aor	174
cmpfis_int8	260	14	aor	174
cmpfis_int8	261	15	tos	174
cmpfis_int8	264	0	aor	176
cmpfis_int8	265	1	aor	176
cmpfis_int8	266	2	aor	176
cmpfis_int8	267	3	aor	176
cmpfis_int8	268	4	aor	176
cmpfis_int8	269	5	tos	176
cmpfis_int8	264	6	aor	177
cmpfis_int8	265	7	aor	177
cmpfis_int8	266	8	aor	177
cmpfis_int8	267	9	aor	177
cmpfis_int8	268	10	aor	177
cmpfis_int8	269	11	tos	177
cmpfis_int8	264	12	aor	178
cmpfis_int8	265	13	aor	178
cmpfis_int8	266	14	aor	178
cmpfis_int8	267	15	tos	178
cmpfis_int8	270	0	aor	180
cmpfis_int8	271	1	aor	180
cmpfis_int8	272	2	aor	180
cmpfis_int8	273	3	aor	180
cmpfis_int8	274	4	aor	180
cmpfis_int8	275	5	tos	180
cmpfis_int8	270	6	aor	181
cmpfis_int8	271	7	aor	181
cmpfis_int8	272	8	aor	181
cmpfis_int8	273	9	aor	181
cmpfis_int8	274	10	aor	181
cmpfis_int8	275	11	tos	181
cmpfis_int8	270	12	aor	182
cmpfis_int8	271	13	aor	182
cmpfis_int8	272	14	aor	182
cmpfis_int8	273	15	tos	182
cmpfis_int8	276	0	aor	184
cmpfis_int8	277	1	aor	184
cmpfis_int8	278	2	aor	184
cmpfis_int8	279	3	aor	184
cmpfis_int8	280	4	aor	184
cmpfis_int8	281	5	tos	184
cmpfis_int8	276	6	aor	185
cmpfis_int8	277	7	aor	185
cmpfis_int8	278	8	aor	185
cmpfis_int8	279	9	aor	185
cmpfis_int8	280	10	aor	185
cmpfis_int8	281	11	tos	185
cmpfis_int8	276	12	aor	186
cmpfis_int8	277	13	aor	186
cmpfis_int8	278	14	aor	186
cmpfis_int8	279	15	tos	186
cmpfis_int8	282	0	aor	188
cmpfis_int8	283	1	aor	188
cmpfis_int8	284	2	aor	188
cmpfis_int8	285	3	aor	188
cmpfis_int8	286	4	aor	188
cmpfis_int8	287	5	tos	188
cmpfis_int8	282	6	aor	189
cmpfis_int8	283	7	aor	189
cmpfis_int8	284	8	aor	189
cmpfis_int8	285	9	aor	189
cmpfis_int8	286	10	aor	189
cmpfis_int8	287	11	tos	189
cmpfis_int8	282	12	aor	190
cmpfis_int8	283	13	aor	190
cmpfis_int8	284	14	aor	190
cmpfis_int8	285	15	tos	190
cmpfis_int8	288	0	aor	192
cmpfis_int8	289	1	aor	192
cmpfis_int8	290	2	aor	192
cmpfis_int8	291	3	aor	192
cmpfis_int8	292	4	aor	192
cmpfis_int8	293	5	tos	192
cmpfis_int8	288	6	aor	193
cmpfis_int8	289	7	aor	193
cmpfis_int8	290	8	aor	193
cmpfis_int8	291	9	aor	193
cmpfis_int8	292	10	aor	193
cmpfis_int8	293	11	tos	193
cmpfis_int8	288	12	aor	194
cmpfis_int8	289	13	aor	194
cmpfis_int8	290	14	aor	194
cmpfis_int8	291	15	tos	194
cmpfis_int8	294	0	aor	196
cmpfis_int8	295	1	aor	196
cmpfis_int8	296	2	aor	196
cmpfis_int8	297	3	aor	196
cmpfis_int8	298	4	aor	196
cmpfis_int8	299	5	tos	196
cmpfis_int8	294	6	aor	197
cmpfis_int8	295	7	aor	197
cmpfis_int8	296	8	aor	197
cmpfis_int8	297	9	aor	197
cmpfis_int8	298	10	aor	197
cmpfis_int8	299	11	tos	197
cmpfis_int8	294	12	aor	198
cmpfis_int8	295	13	aor	198
cmpfis_int8	296	14	aor	198
cmpfis_int8	297	15	tos	198
cmpfis_int8	300	0	aor	200
cmpfis_int8	301	1	aor	200
cmpfis_int8	302	2	aor	200
cmpfis_int8	303	3	aor	200
cmpfis_int8	304	4	aor	200
cmpfis_int8	305	5	tos	200
cmpfis_int8	300	6	aor	201
cmpfis_int8	301	7	aor	201
cmpfis_int8	302	8	aor	201
cmpfis_int8	303	9	aor	201
cmpfis_int8	304	10	aor	201
cmpfis_int8	305	11	tos	201
cmpfis_int8	300	12	aor	202
cmpfis_int8	301	13	aor	202
cmpfis_int8	302	14	aor	202
cmpfis_int8	303	15	tos	202
cmpfis_int8	306	0	aor	204
cmpfis_int8	307	1	aor	204
cmpfis_int8	308	2	aor	204
cmpfis_int8	309	3	aor	204
cmpfis_int8	310	4	aor	204
cmpfis_int8	311	5	tos	204
cmpfis_int8	306	6	aor	205
cmpfis_int8	307	7	aor	205
cmpfis_int8	308	8	aor	205
cmpfis_int8	309	9	aor	205
cmpfis_int8	310	10	aor	205
cmpfis_int8	311	11	tos	205
cmpfis_int8	306	12	aor	206
cmpfis_int8	307	13	aor	206
cmpfis_int8	308	14	aor	206
cmpfis_int8	309	15	tos	206
cmpfis_int8	312	0	aor	208
cmpfis_int8	313	1	aor	208
cmpfis_int8	314	2	aor	208
cmpfis_int8	315	3	aor	208
cmpfis_int8	316	4	aor	208
cmpfis_int8	317	5	tos	208
cmpfis_int8	312	6	aor	209
cmpfis_int8	313	7	aor	209
cmpfis_int8	314	8	aor	209
cmpfis_int8	315	9	aor	209
cmpfis_int8	316	10	aor	209
cmpfis_int8	317	11	tos	209
cmpfis_int8	312	12	aor	210
cmpfis_int8	313	13	aor	210
cmpfis_int8	314	14	aor	210
cmpfis_int8	315	15	tos	210
cmpfis_int8	318	0	aor	212
cmpfis_int8	319	1	aor	212
cmpfis_int8	320	2	aor	212
cmpfis_int8	321	3	aor	212
cmpfis_int8	322	4	aor	212
cmpfis_int8	323	5	tos	212
cmpfis_int8	318	6	aor	213
cmpfis_int8	319	7	aor	213
cmpfis_int8	320	8	aor	213
cmpfis_int8	321	9	aor	213
cmpfis_int8	322	10	aor	213
cmpfis_int8	323	11	tos	213
cmpfis_int8	318	12	aor	214
cmpfis_int8	319	13	aor	214
cmpfis_int8	320	14	aor	214
cmpfis_int8	321	15	tos	214
cmpfis_int8	324	0	aor	216
cmpfis_int8	325	1	aor	216
cmpfis_int8	326	2	aor	216
cmpfis_int8	327	3	aor	216
cmpfis_int8	328	4	aor	216
cmpfis_int8	329	5	tos	216
cmpfis_int8	324	6	aor	217
cmpfis_int8	325	7	aor	217
cmpfis_int8	326	8	aor	217
cmpfis_int8	327	9	aor	217
cmpfis_int8	328	10	aor	217
cmpfis_int8	329	11	tos	217
cmpfis_int8	324	12	aor	218
cmpfis_int8	325	13	aor	218
cmpfis_int8	326	14	aor	218
cmpfis_int8	327	15	tos	218
cmpfis_int8	330	0	aor	220
cmpfis_int8	331	1	aor	220
cmpfis_int8	332	2	aor	220
cmpfis_int8	333	3	aor	220
cmpfis_int8	334	4	aor	220
cmpfis_int8	335	5	tos	220
cmpfis_int8	330	6	aor	221
cmpfis_int8	331	7	aor	221
cmpfis_int8	332	8	aor	221
cmpfis_int8	333	9	aor	221
cmpfis_int8	334	10	aor	221
cmpfis_int8	335	11	tos	221
cmpfis_int8	330	12	aor	222
cmpfis_int8	331	13	aor	222
cmpfis_int8	332	14	aor	222
cmpfis_int8	333	15	tos	222
cmpfis_int8	336	0	aor	224
cmpfis_int8	337	1	aor	224
cmpfis_int8	338	2	aor	224
cmpfis_int8	339	3	aor	224
cmpfis_int8	340	4	aor	224
cmpfis_int8	341	5	tos	224
cmpfis_int8	336	6	aor	225
cmpfis_int8	337	7	aor	225
cmpfis_int8	338	8	aor	225
cmpfis_int8	339	9	aor	225
cmpfis_int8	340	10	aor	225
cmpfis_int8	341	11	tos	225
cmpfis_int8	336	12	aor	226
cmpfis_int8	337	13	aor	226
cmpfis_int8	338	14	aor	226
cmpfis_int8	339	15	tos	226
cmpfis_int8	342	0	aor	228
cmpfis_int8	343	1	aor	228
cmpfis_int8	344	2	aor	228
cmpfis_int8	345	3	aor	228
cmpfis_int8	346	4	aor	228
cmpfis_int8	347	5	tos	228
cmpfis_int8	342	6	aor	229
cmpfis_int8	343	7	aor	229
cmpfis_int8	344	8	aor	229
cmpfis_int8	345	9	aor	229
cmpfis_int8	346	10	aor	229
cmpfis_int8	347	11	tos	229
cmpfis_int8	342	12	aor	230
cmpfis_int8	343	13	aor	230
cmpfis_int8	344	14	aor	230
cmpfis_int8	345	15	tos	230
cmpfis_int8	348	0	aor	232
cmpfis_int8	349	1	aor	232
cmpfis_int8	350	2	aor	232
cmpfis_int8	351	3	aor	232
cmpfis_int8	352	4	aor	232
cmpfis_int8	353	5	tos	232
cmpfis_int8	348	6	aor	233
cmpfis_int8	349	7	aor	233
cmpfis_int8	350	8	aor	233
cmpfis_int8	351	9	aor	233
cmpfis_int8	352	10	aor	233
cmpfis_int8	353	11	tos	233
cmpfis_int8	348	12	aor	234
cmpfis_int8	349	13	aor	234
cmpfis_int8	350	14	aor	234
cmpfis_int8	351	15	tos	234
cmpfis_int8	354	0	aor	236
cmpfis_int8	355	1	aor	236
cmpfis_int8	356	2	aor	236
cmpfis_int8	357	3	aor	236
cmpfis_int8	358	4	aor	236
cmpfis_int8	359	5	tos	236
cmpfis_int8	354	6	aor	237
cmpfis_int8	355	7	aor	237
cmpfis_int8	356	8	aor	237
cmpfis_int8	357	9	aor	237
cmpfis_int8	358	10	aor	237
cmpfis_int8	359	11	tos	237
cmpfis_int8	354	12	aor	238
cmpfis_int8	355	13	aor	238
cmpfis_int8	356	14	aor	238
cmpfis_int8	357	15	tos	238
cmpfis_int8	360	0	aor	240
cmpfis_int8	361	1	aor	240
cmpfis_int8	362	2	aor	240
cmpfis_int8	363	3	aor	240
cmpfis_int8	364	4	aor	240
cmpfis_int8	365	5	tos	240
cmpfis_int8	360	6	aor	241
cmpfis_int8	361	7	aor	241
cmpfis_int8	362	8	aor	241
cmpfis_int8	363	9	aor	241
cmpfis_int8	364	10	aor	241
cmpfis_int8	365	11	tos	241
cmpfis_int8	360	12	aor	242
cmpfis_int8	361	13	aor	242
cmpfis_int8	362	14	aor	242
cmpfis_int8	363	15	tos	242
cmpfis_int8	366	0	aor	244
cmpfis_int8	367	1	aor	244
cmpfis_int8	368	2	aor	244
cmpfis_int8	369	3	aor	244
cmpfis_int8	370	4	aor	244
cmpfis_int8	371	5	tos	244
cmpfis_int8	366	6	aor	245
cmpfis_int8	367	7	aor	245
cmpfis_int8	368	8	aor	245
cmpfis_int8	369	9	aor	245
cmpfis_int8	370	10	aor	245
cmpfis_int8	371	11	tos	245
cmpfis_int8	366	12	aor	246
cmpfis_int8	367	13	aor	246
cmpfis_int8	368	14	aor	246
cmpfis_int8	369	15	tos	246
cmpfis_int8	372	0	aor	248
cmpfis_int8	373	1	aor	248
cmpfis_int8	374	2	aor	248
cmpfis_int8	375	3	aor	248
cmpfis_int8	376	4	aor	248
cmpfis_int8	377	5	tos	248
cmpfis_int8	372	6	aor	249
cmpfis_int8	373	7	aor	249
cmpfis_int8	374	8	aor	249
cmpfis_int8	375	9	aor	249
cmpfis_int8	376	10	aor	249
cmpfis_int8	377	11	tos	249
cmpfis_int8	372	12	aor	250
cmpfis_int8	373	13	aor	250
cmpfis_int8	374	14	aor	250
cmpfis_int8	375	15	tos	250
cmpfis_int8	378	0	aor	252
cmpfis_int8	379	1	aor	252
cmpfis_int8	380	2	aor	252
cmpfis_int8	381	3	aor	252
cmpfis_int8	382	4	aor	252
cmpfis_int8	383	5	tos	252
cmpfis_int8	378	6	aor	253
cmpfis_int8	379	7	aor	253
cmpfis_int8	380	8	aor	253
cmpfis_int8	381	9	aor	253
cmpfis_int8	382	10	aor	253
cmpfis_int8	383	11	tos	253
cmpfis_int8	378	12	aor	254
cmpfis_int8	379	13	aor	254
cmpfis_int8	380	14	aor	254
cmpfis_int8	381	15	tos	254
wu	3	0	25088
wu	2	16	25088
wu	1	32	25088
wu	0	48	25088
wu	3	64	25856
wu	2	80	25856
wu	1	96	25856
wu	0	112	25856
wu	3	128	26624
wu	2	144	26624
wu	1	160	26624
wu	0	176	26624
wu	3	192	27392
wu	2	208	27392
wu	1	224	27392
wu	0	240	27392
wu	3	256	28160
wu	2	272	28160
wu	1	288	28160
wu	0	304	28160
wu	3	320	28928
wu	2	336	28928
wu	1	352	28928
wu	0	368	28928
wu	3	384	29696
wu	2	400	29696
wu	1	416	29696
wu	0	432	29696
wu	3	448	30464
wu	2	464	30464
wu	1	480	30464
wu	0	496	30464
wu	3	512	31232
wu	2	528	31232
wu	1	544	31232
wu	0	560	31232
wu	3	576	32000
wu	2	592	32000
wu	1	608	32000
wu	0	624	32000
wu	3	640	32768
wu	2	656	32768
wu	1	672	32768
wu	0	688	32768
wu	3	704	33536
wu	2	720	33536
wu	1	736	33536
wu	0	752	33536
wu	3	768	34304
wu	2	784	34304
wu	1	800	34304
wu	0	816	34304
wu	3	832	35072
wu	2	848	35072
wu	1	864	35072
wu	0	880	35072
wu	3	896	35840
wu	2	912	35840
wu	1	928	35840
wu	0	944	35840
wu	3	960	36608
wu	2	976	36608
wu	1	992	36608
wu	0	1008	36608
wu	3	1	25216
wu	2	17	25216
wu	1	33	25216
wu	0	49	25216
wu	3	65	25984
wu	2	81	25984
wu	1	97	25984
wu	0	113	25984
wu	3	129	26752
wu	2	145	26752
wu	1	161	26752
wu	0	177	26752
wu	3	193	27520
wu	2	209	27520
wu	1	225	27520
wu	0	241	27520
wu	3	257	28288
wu	2	273	28288
wu	1	289	28288
wu	0	305	28288
wu	3	321	29056
wu	2	337	29056
wu	1	353	29056
wu	0	369	29056
wu	3	385	29824
wu	2	401	29824
wu	1	417	29824
wu	0	433	29824
wu	3	449	30592
wu	2	465	30592
wu	1	481	30592
wu	0	497	30592
wu	3	513	31360
wu	2	529	31360
wu	1	545	31360
wu	0	561	31360
wu	3	577	32128
wu	2	593	32128
wu	1	609	32128
wu	0	625	32128
wu	3	641	32896
wu	2	657	32896
wu	1	673	32896
wu	0	689	32896
wu	3	705	33664
wu	2	721	33664
wu	1	737	33664
wu	0	753	33664
wu	3	769	34432
wu	2	785	34432
wu	1	801	34432
wu	0	817	34432
wu	3	833	35200
wu	2	849	35200
wu	1	865	35200
wu	0	881	35200
wu	3	897	35968
wu	2	913	35968
wu	1	929	35968
wu	0	945	35968
wu	3	961	36736
wu	2	977	36736
wu	1	993	36736
wu	0	1009	36736
wu	3	2	36864
wu	2	18	36864
wu	1	34	36864
wu	0	50	36864
wu	3	66	37632
wu	2	82	37632
wu	1	98	37632
wu	0	114	37632
wu	3	130	38400
wu	2	146	38400
wu	1	162	38400
wu	0	178	38400
wu	3	194	39168
wu	2	210	39168
wu	1	226	39168
wu	0	242	39168
wu	3	258	39936
wu	2	274	39936
wu	1	290	39936
wu	0	306	39936
wu	3	322	40704
wu	2	338	40704
wu	1	354	40704
wu	0	370	40704
wu	3	386	41472
wu	2	402	41472
wu	1	418	41472
wu	0	434	41472
wu	3	450	42240
wu	2	466	42240
wu	1	482	42240
wu	0	498	42240
wu	3	514	43008
wu	2	530	43008
wu	1	546	43008
wu	0	562	43008
wu	3	578	43776
wu	2	594	43776
wu	1	610	43776
wu	0	626	43776
wu	3	642	44544
wu	2	658	44544
wu	1	674	44544
wu	0	690	44544
wu	3	706	45312
wu	2	722	45312
wu	1	738	45312
wu	0	754	45312
wu	3	770	46080
wu	2	786	46080
wu	1	802	46080
wu	0	818	46080
wu	3	834	46848
wu	2	850	46848
wu	1	866	46848
wu	0	882	46848
wu	3	898	47616
wu	2	914	47616
wu	1	930	47616
wu	0	946	47616
wu	3	962	48384
wu	2	978	48384
wu	1	994	48384
wu	0	1010	48384
wu	3	3	36992
wu	2	19	36992
wu	1	35	36992
wu	0	51	36992
wu	3	67	37760
wu	2	83	37760
wu	1	99	37760
wu	0	115	37760
wu	3	131	38528
wu	2	147	38528
wu	1	163	38528
wu	0	179	38528
wu	3	195	39296
wu	2	211	39296
wu	1	227	39296
wu	0	243	39296
wu	3	259	40064
wu	2	275	40064
wu	1	291	40064
wu	0	307	40064
wu	3	323	40832
wu	2	339	40832
wu	1	355	40832
wu	0	371	40832
wu	3	387	41600
wu	2	403	41600
wu	1	419	41600
wu	0	435	41600
wu	3	451	42368
wu	2	467	42368
wu	1	483	42368
wu	0	499	42368
wu	3	515	43136
wu	2	531	43136
wu	1	547	43136
wu	0	563	43136
wu	3	579	43904
wu	2	595	43904
wu	1	611	43904
wu	0	627	43904
wu	3	643	44672
wu	2	659	44672
wu	1	675	44672
wu	0	691	44672
wu	3	707	45440
wu	2	723	45440
wu	1	739	45440
wu	0	755	45440
wu	3	771	46208
wu	2	787	46208
wu	1	803	46208
wu	0	819	46208
wu	3	835	46976
wu	2	851	46976
wu	1	867	46976
wu	0	883	46976
wu	3	899	47744
wu	2	915	47744
wu	1	931	47744
wu	0	947	47744
wu	3	963	48512
wu	2	979	48512
wu	1	995	48512
wu	0	1011	48512
wu	3	4	37120
wu	2	20	37120
wu	1	36	37120
wu	0	52	37120
wu	3	68	37888
wu	2	84	37888
wu	1	100	37888
wu	0	116	37888
wu	3	132	38656
wu	2	148	38656
wu	1	164	38656
wu	0	180	38656
wu	3	196	39424
wu	2	212	39424
wu	1	228	39424
wu	0	244	39424
wu	3	260	40192
wu	2	276	40192
wu	1	292	40192
wu	0	308	40192
wu	3	324	40960
wu	2	340	40960
wu	1	356	40960
wu	0	372	40960
wu	3	388	41728
wu	2	404	41728
wu	1	420	41728
wu	0	436	41728
wu	3	452	42496
wu	2	468	42496
wu	1	484	42496
wu	0	500	42496
wu	3	516	43264
wu	2	532	43264
wu	1	548	43264
wu	0	564	43264
wu	3	580	44032
wu	2	596	44032
wu	1	612	44032
wu	0	628	44032
wu	3	644	44800
wu	2	660	44800
wu	1	676	44800
wu	0	692	44800
wu	3	708	45568
wu	2	724	45568
wu	1	740	45568
wu	0	756	45568
wu	3	772	46336
wu	2	788	46336
wu	1	804	46336
wu	0	820	46336
wu	3	836	47104
wu	2	852	47104
wu	1	868	47104
wu	0	884	47104
wu	3	900	47872
wu	2	916	47872
wu	1	932	47872
wu	0	948	47872
wu	3	964	48640
wu	2	980	48640
wu	1	996	48640
wu	0	1012	48640
wu	3	5	37248
wu	2	21	37248
wu	1	37	37248
wu	0	53	37248
wu	3	69	38016
wu	2	85	38016
wu	1	101	38016
wu	0	117	38016
wu	3	133	38784
wu	2	149	38784
wu	1	165	38784
wu	0	181	38784
wu	3	197	39552
wu	2	213	39552
wu	1	229	39552
wu	0	245	39552
wu	3	261	40320
wu	2	277	40320
wu	1	293	40320
wu	0	309	40320
wu	3	325	41088
wu	2	341	41088
wu	1	357	41088
wu	0	373	41088
wu	3	389	41856
wu	2	405	41856
wu	1	421	41856
wu	0	437	41856
wu	3	453	42624
wu	2	469	42624
wu	1	485	42624
wu	0	501	42624
wu	3	517	43392
wu	2	533	43392
wu	1	549	43392
wu	0	565	43392
wu	3	581	44160
wu	2	597	44160
wu	1	613	44160
wu	0	629	44160
wu	3	645	44928
wu	2	661	44928
wu	1	677	44928
wu	0	693	44928
wu	3	709	45696
wu	2	725	45696
wu	1	741	45696
wu	0	757	45696
wu	3	773	46464
wu	2	789	46464
wu	1	805	46464
wu	0	821	46464
wu	3	837	47232
wu	2	853	47232
wu	1	869	47232
wu	0	885	47232
wu	3	901	48000
wu	2	917	48000
wu	1	933	48000
wu	0	949	48000
wu	3	965	48768
wu	2	981	48768
wu	1	997	48768
wu	0	1013	48768
wu	3	6	37376
wu	2	22	37376
wu	1	38	37376
wu	0	54	37376
wu	3	70	38144
wu	2	86	38144
wu	1	102	38144
wu	0	118	38144
wu	3	134	38912
wu	2	150	38912
wu	1	166	38912
wu	0	182	38912
wu	3	198	39680
wu	2	214	39680
wu	1	230	39680
wu	0	246	39680
wu	3	262	40448
wu	2	278	40448
wu	1	294	40448
wu	0	310	40448
wu	3	326	41216
wu	2	342	41216
wu	1	358	41216
wu	0	374	41216
wu	3	390	41984
wu	2	406	41984
wu	1	422	41984
wu	0	438	41984
wu	3	454	42752
wu	2	470	42752
wu	1	486	42752
wu	0	502	42752
wu	3	518	43520
wu	2	534	43520
wu	1	550	43520
wu	0	566	43520
wu	3	582	44288
wu	2	598	44288
wu	1	614	44288
wu	0	630	44288
wu	3	646	45056
wu	2	662	45056
wu	1	678	45056
wu	0	694	45056
wu	3	710	45824
wu	2	726	45824
wu	1	742	45824
wu	0	758	45824
wu	3	774	46592
wu	2	790	46592
wu	1	806	46592
wu	0	822	46592
wu	3	838	47360
wu	2	854	47360
wu	1	870	47360
wu	0	886	47360
wu	3	902	48128
wu	2	918	48128
wu	1	934	48128
wu	0	950	48128
wu	3	966	48896
wu	2	982	48896
wu	1	998	48896
wu	0	1014	48896
wu	3	7	37504
wu	2	23	37504
wu	1	39	37504
wu	0	55	37504
wu	3	71	38272
wu	2	87	38272
wu	1	103	38272
wu	0	119	38272
wu	3	135	39040
wu	2	151	39040
wu	1	167	39040
wu	0	183	39040
wu	3	199	39808
wu	2	215	39808
wu	1	231	39808
wu	0	247	39808
wu	3	263	40576
wu	2	279	40576
wu	1	295	40576
wu	0	311	40576
wu	3	327	41344
wu	2	343	41344
wu	1	359	41344
wu	0	375	41344
wu	3	391	42112
wu	2	407	42112
wu	1	423	42112
wu	0	439	42112
wu	3	455	42880
wu	2	471	42880
wu	1	487	42880
wu	0	503	42880
wu	3	519	43648
wu	2	535	43648
wu	1	551	43648
wu	0	567	43648
wu	3	583	44416
wu	2	599	44416
wu	1	615	44416
wu	0	631	44416
wu	3	647	45184
wu	2	663	45184
wu	1	679	45184
wu	0	695	45184
wu	3	711	45952
wu	2	727	45952
wu	1	743	45952
wu	0	759	45952
wu	3	775	46720
wu	2	791	46720
wu	1	807	46720
wu	0	823	46720
wu	3	839	47488
wu	2	855	47488
wu	1	871	47488
wu	0	887	47488
wu	3	903	48256
wu	2	919	48256
wu	1	935	48256
wu	0	951	48256
wu	3	967	49024
wu	2	983	49024
wu	1	999	49024
wu	0	1015	49024
nop
nop
nop
nop
cmpfis_int8	4	0	aor	2 read_OS_line 2
cmpfis_int8	5	1	aos	2
cmpfis_int8	0	2	aor	3
cmpfis_int8	1	3	aor	3
cmpfis_int8	2	4	aor	3
cmpfis_int8	3	5	aor	3
cmpfis_int8	4	6	aor	3
cmpfis_int8	5	7	tos	3
cmpfis_int8	10	0	aor	6 read_OS_line 6
cmpfis_int8	11	1	aos	6
cmpfis_int8	6	2	aor	7
cmpfis_int8	7	3	aor	7
cmpfis_int8	8	4	aor	7
cmpfis_int8	9	5	aor	7
cmpfis_int8	10	6	aor	7
cmpfis_int8	11	7	tos	7
cmpfis_int8	16	0	aor	10 read_OS_line 10
cmpfis_int8	17	1	aos	10
cmpfis_int8	12	2	aor	11
cmpfis_int8	13	3	aor	11
cmpfis_int8	14	4	aor	11
cmpfis_int8	15	5	aor	11
cmpfis_int8	16	6	aor	11
cmpfis_int8	17	7	tos	11
cmpfis_int8	22	0	aor	14 read_OS_line 14
cmpfis_int8	23	1	aos	14
cmpfis_int8	18	2	aor	15
cmpfis_int8	19	3	aor	15
cmpfis_int8	20	4	aor	15
cmpfis_int8	21	5	aor	15
cmpfis_int8	22	6	aor	15
cmpfis_int8	23	7	tos	15
cmpfis_int8	28	0	aor	18 read_OS_line 18
cmpfis_int8	29	1	aos	18
cmpfis_int8	24	2	aor	19
cmpfis_int8	25	3	aor	19
cmpfis_int8	26	4	aor	19
cmpfis_int8	27	5	aor	19
cmpfis_int8	28	6	aor	19
cmpfis_int8	29	7	tos	19
cmpfis_int8	34	0	aor	22 read_OS_line 22
cmpfis_int8	35	1	aos	22
cmpfis_int8	30	2	aor	23
cmpfis_int8	31	3	aor	23
cmpfis_int8	32	4	aor	23
cmpfis_int8	33	5	aor	23
cmpfis_int8	34	6	aor	23
cmpfis_int8	35	7	tos	23
cmpfis_int8	40	0	aor	26 read_OS_line 26
cmpfis_int8	41	1	aos	26
cmpfis_int8	36	2	aor	27
cmpfis_int8	37	3	aor	27
cmpfis_int8	38	4	aor	27
cmpfis_int8	39	5	aor	27
cmpfis_int8	40	6	aor	27
cmpfis_int8	41	7	tos	27
cmpfis_int8	46	0	aor	30 read_OS_line 30
cmpfis_int8	47	1	aos	30
cmpfis_int8	42	2	aor	31
cmpfis_int8	43	3	aor	31
cmpfis_int8	44	4	aor	31
cmpfis_int8	45	5	aor	31
cmpfis_int8	46	6	aor	31
cmpfis_int8	47	7	tos	31
cmpfis_int8	52	0	aor	34 read_OS_line 34
cmpfis_int8	53	1	aos	34
cmpfis_int8	48	2	aor	35
cmpfis_int8	49	3	aor	35
cmpfis_int8	50	4	aor	35
cmpfis_int8	51	5	aor	35
cmpfis_int8	52	6	aor	35
cmpfis_int8	53	7	tos	35
cmpfis_int8	58	0	aor	38 read_OS_line 38
cmpfis_int8	59	1	aos	38
cmpfis_int8	54	2	aor	39
cmpfis_int8	55	3	aor	39
cmpfis_int8	56	4	aor	39
cmpfis_int8	57	5	aor	39
cmpfis_int8	58	6	aor	39
cmpfis_int8	59	7	tos	39
cmpfis_int8	64	0	aor	42 read_OS_line 42
cmpfis_int8	65	1	aos	42
cmpfis_int8	60	2	aor	43
cmpfis_int8	61	3	aor	43
cmpfis_int8	62	4	aor	43
cmpfis_int8	63	5	aor	43
cmpfis_int8	64	6	aor	43
cmpfis_int8	65	7	tos	43
cmpfis_int8	70	0	aor	46 read_OS_line 46
cmpfis_int8	71	1	aos	46
cmpfis_int8	66	2	aor	47
cmpfis_int8	67	3	aor	47
cmpfis_int8	68	4	aor	47
cmpfis_int8	69	5	aor	47
cmpfis_int8	70	6	aor	47
cmpfis_int8	71	7	tos	47
cmpfis_int8	76	0	aor	50 read_OS_line 50
cmpfis_int8	77	1	aos	50
cmpfis_int8	72	2	aor	51
cmpfis_int8	73	3	aor	51
cmpfis_int8	74	4	aor	51
cmpfis_int8	75	5	aor	51
cmpfis_int8	76	6	aor	51
cmpfis_int8	77	7	tos	51
cmpfis_int8	82	0	aor	54 read_OS_line 54
cmpfis_int8	83	1	aos	54
cmpfis_int8	78	2	aor	55
cmpfis_int8	79	3	aor	55
cmpfis_int8	80	4	aor	55
cmpfis_int8	81	5	aor	55
cmpfis_int8	82	6	aor	55
cmpfis_int8	83	7	tos	55
cmpfis_int8	88	0	aor	58 read_OS_line 58
cmpfis_int8	89	1	aos	58
cmpfis_int8	84	2	aor	59
cmpfis_int8	85	3	aor	59
cmpfis_int8	86	4	aor	59
cmpfis_int8	87	5	aor	59
cmpfis_int8	88	6	aor	59
cmpfis_int8	89	7	tos	59
cmpfis_int8	94	0	aor	62 read_OS_line 62
cmpfis_int8	95	1	aos	62
cmpfis_int8	90	2	aor	63
cmpfis_int8	91	3	aor	63
cmpfis_int8	92	4	aor	63
cmpfis_int8	93	5	aor	63
cmpfis_int8	94	6	aor	63
cmpfis_int8	95	7	tos	63
cmpfis_int8	100	0	aor	66 read_OS_line 66
cmpfis_int8	101	1	aos	66
cmpfis_int8	96	2	aor	67
cmpfis_int8	97	3	aor	67
cmpfis_int8	98	4	aor	67
cmpfis_int8	99	5	aor	67
cmpfis_int8	100	6	aor	67
cmpfis_int8	101	7	tos	67
cmpfis_int8	106	0	aor	70 read_OS_line 70
cmpfis_int8	107	1	aos	70
cmpfis_int8	102	2	aor	71
cmpfis_int8	103	3	aor	71
cmpfis_int8	104	4	aor	71
cmpfis_int8	105	5	aor	71
cmpfis_int8	106	6	aor	71
cmpfis_int8	107	7	tos	71
cmpfis_int8	112	0	aor	74 read_OS_line 74
cmpfis_int8	113	1	aos	74
cmpfis_int8	108	2	aor	75
cmpfis_int8	109	3	aor	75
cmpfis_int8	110	4	aor	75
cmpfis_int8	111	5	aor	75
cmpfis_int8	112	6	aor	75
cmpfis_int8	113	7	tos	75
cmpfis_int8	118	0	aor	78 read_OS_line 78
cmpfis_int8	119	1	aos	78
cmpfis_int8	114	2	aor	79
cmpfis_int8	115	3	aor	79
cmpfis_int8	116	4	aor	79
cmpfis_int8	117	5	aor	79
cmpfis_int8	118	6	aor	79
cmpfis_int8	119	7	tos	79
cmpfis_int8	124	0	aor	82 read_OS_line 82
cmpfis_int8	125	1	aos	82
cmpfis_int8	120	2	aor	83
cmpfis_int8	121	3	aor	83
cmpfis_int8	122	4	aor	83
cmpfis_int8	123	5	aor	83
cmpfis_int8	124	6	aor	83
cmpfis_int8	125	7	tos	83
cmpfis_int8	130	0	aor	86 read_OS_line 86
cmpfis_int8	131	1	aos	86
cmpfis_int8	126	2	aor	87
cmpfis_int8	127	3	aor	87
cmpfis_int8	128	4	aor	87
cmpfis_int8	129	5	aor	87
cmpfis_int8	130	6	aor	87
cmpfis_int8	131	7	tos	87
cmpfis_int8	136	0	aor	90 read_OS_line 90
cmpfis_int8	137	1	aos	90
cmpfis_int8	132	2	aor	91
cmpfis_int8	133	3	aor	91
cmpfis_int8	134	4	aor	91
cmpfis_int8	135	5	aor	91
cmpfis_int8	136	6	aor	91
cmpfis_int8	137	7	tos	91
cmpfis_int8	142	0	aor	94 read_OS_line 94
cmpfis_int8	143	1	aos	94
cmpfis_int8	138	2	aor	95
cmpfis_int8	139	3	aor	95
cmpfis_int8	140	4	aor	95
cmpfis_int8	141	5	aor	95
cmpfis_int8	142	6	aor	95
cmpfis_int8	143	7	tos	95
cmpfis_int8	148	0	aor	98 read_OS_line 98
cmpfis_int8	149	1	aos	98
cmpfis_int8	144	2	aor	99
cmpfis_int8	145	3	aor	99
cmpfis_int8	146	4	aor	99
cmpfis_int8	147	5	aor	99
cmpfis_int8	148	6	aor	99
cmpfis_int8	149	7	tos	99
cmpfis_int8	154	0	aor	102 read_OS_line 102
cmpfis_int8	155	1	aos	102
cmpfis_int8	150	2	aor	103
cmpfis_int8	151	3	aor	103
cmpfis_int8	152	4	aor	103
cmpfis_int8	153	5	aor	103
cmpfis_int8	154	6	aor	103
cmpfis_int8	155	7	tos	103
cmpfis_int8	160	0	aor	106 read_OS_line 106
cmpfis_int8	161	1	aos	106
cmpfis_int8	156	2	aor	107
cmpfis_int8	157	3	aor	107
cmpfis_int8	158	4	aor	107
cmpfis_int8	159	5	aor	107
cmpfis_int8	160	6	aor	107
cmpfis_int8	161	7	tos	107
cmpfis_int8	166	0	aor	110 read_OS_line 110
cmpfis_int8	167	1	aos	110
cmpfis_int8	162	2	aor	111
cmpfis_int8	163	3	aor	111
cmpfis_int8	164	4	aor	111
cmpfis_int8	165	5	aor	111
cmpfis_int8	166	6	aor	111
cmpfis_int8	167	7	tos	111
cmpfis_int8	172	0	aor	114 read_OS_line 114
cmpfis_int8	173	1	aos	114
cmpfis_int8	168	2	aor	115
cmpfis_int8	169	3	aor	115
cmpfis_int8	170	4	aor	115
cmpfis_int8	171	5	aor	115
cmpfis_int8	172	6	aor	115
cmpfis_int8	173	7	tos	115
cmpfis_int8	178	0	aor	118 read_OS_line 118
cmpfis_int8	179	1	aos	118
cmpfis_int8	174	2	aor	119
cmpfis_int8	175	3	aor	119
cmpfis_int8	176	4	aor	119
cmpfis_int8	177	5	aor	119
cmpfis_int8	178	6	aor	119
cmpfis_int8	179	7	tos	119
cmpfis_int8	184	0	aor	122 read_OS_line 122
cmpfis_int8	185	1	aos	122
cmpfis_int8	180	2	aor	123
cmpfis_int8	181	3	aor	123
cmpfis_int8	182	4	aor	123
cmpfis_int8	183	5	aor	123
cmpfis_int8	184	6	aor	123
cmpfis_int8	185	7	tos	123
cmpfis_int8	190	0	aor	126 read_OS_line 126
cmpfis_int8	191	1	aos	126
cmpfis_int8	186	2	aor	127
cmpfis_int8	187	3	aor	127
cmpfis_int8	188	4	aor	127
cmpfis_int8	189	5	aor	127
cmpfis_int8	190	6	aor	127
cmpfis_int8	191	7	tos	127
cmpfis_int8	196	0	aor	130 read_OS_line 130
cmpfis_int8	197	1	aos	130
cmpfis_int8	192	2	aor	131
cmpfis_int8	193	3	aor	131
cmpfis_int8	194	4	aor	131
cmpfis_int8	195	5	aor	131
cmpfis_int8	196	6	aor	131
cmpfis_int8	197	7	tos	131
cmpfis_int8	202	0	aor	134 read_OS_line 134
cmpfis_int8	203	1	aos	134
cmpfis_int8	198	2	aor	135
cmpfis_int8	199	3	aor	135
cmpfis_int8	200	4	aor	135
cmpfis_int8	201	5	aor	135
cmpfis_int8	202	6	aor	135
cmpfis_int8	203	7	tos	135
cmpfis_int8	208	0	aor	138 read_OS_line 138
cmpfis_int8	209	1	aos	138
cmpfis_int8	204	2	aor	139
cmpfis_int8	205	3	aor	139
cmpfis_int8	206	4	aor	139
cmpfis_int8	207	5	aor	139
cmpfis_int8	208	6	aor	139
cmpfis_int8	209	7	tos	139
cmpfis_int8	214	0	aor	142 read_OS_line 142
cmpfis_int8	215	1	aos	142
cmpfis_int8	210	2	aor	143
cmpfis_int8	211	3	aor	143
cmpfis_int8	212	4	aor	143
cmpfis_int8	213	5	aor	143
cmpfis_int8	214	6	aor	143
cmpfis_int8	215	7	tos	143
cmpfis_int8	220	0	aor	146 read_OS_line 146
cmpfis_int8	221	1	aos	146
cmpfis_int8	216	2	aor	147
cmpfis_int8	217	3	aor	147
cmpfis_int8	218	4	aor	147
cmpfis_int8	219	5	aor	147
cmpfis_int8	220	6	aor	147
cmpfis_int8	221	7	tos	147
cmpfis_int8	226	0	aor	150 read_OS_line 150
cmpfis_int8	227	1	aos	150
cmpfis_int8	222	2	aor	151
cmpfis_int8	223	3	aor	151
cmpfis_int8	224	4	aor	151
cmpfis_int8	225	5	aor	151
cmpfis_int8	226	6	aor	151
cmpfis_int8	227	7	tos	151
cmpfis_int8	232	0	aor	154 read_OS_line 154
cmpfis_int8	233	1	aos	154
cmpfis_int8	228	2	aor	155
cmpfis_int8	229	3	aor	155
cmpfis_int8	230	4	aor	155
cmpfis_int8	231	5	aor	155
cmpfis_int8	232	6	aor	155
cmpfis_int8	233	7	tos	155
cmpfis_int8	238	0	aor	158 read_OS_line 158
cmpfis_int8	239	1	aos	158
cmpfis_int8	234	2	aor	159
cmpfis_int8	235	3	aor	159
cmpfis_int8	236	4	aor	159
cmpfis_int8	237	5	aor	159
cmpfis_int8	238	6	aor	159
cmpfis_int8	239	7	tos	159
cmpfis_int8	244	0	aor	162 read_OS_line 162
cmpfis_int8	245	1	aos	162
cmpfis_int8	240	2	aor	163
cmpfis_int8	241	3	aor	163
cmpfis_int8	242	4	aor	163
cmpfis_int8	243	5	aor	163
cmpfis_int8	244	6	aor	163
cmpfis_int8	245	7	tos	163
cmpfis_int8	250	0	aor	166 read_OS_line 166
cmpfis_int8	251	1	aos	166
cmpfis_int8	246	2	aor	167
cmpfis_int8	247	3	aor	167
cmpfis_int8	248	4	aor	167
cmpfis_int8	249	5	aor	167
cmpfis_int8	250	6	aor	167
cmpfis_int8	251	7	tos	167
cmpfis_int8	256	0	aor	170 read_OS_line 170
cmpfis_int8	257	1	aos	170
cmpfis_int8	252	2	aor	171
cmpfis_int8	253	3	aor	171
cmpfis_int8	254	4	aor	171
cmpfis_int8	255	5	aor	171
cmpfis_int8	256	6	aor	171
cmpfis_int8	257	7	tos	171
cmpfis_int8	262	0	aor	174 read_OS_line 174
cmpfis_int8	263	1	aos	174
cmpfis_int8	258	2	aor	175
cmpfis_int8	259	3	aor	175
cmpfis_int8	260	4	aor	175
cmpfis_int8	261	5	aor	175
cmpfis_int8	262	6	aor	175
cmpfis_int8	263	7	tos	175
cmpfis_int8	268	0	aor	178 read_OS_line 178
cmpfis_int8	269	1	aos	178
cmpfis_int8	264	2	aor	179
cmpfis_int8	265	3	aor	179
cmpfis_int8	266	4	aor	179
cmpfis_int8	267	5	aor	179
cmpfis_int8	268	6	aor	179
cmpfis_int8	269	7	tos	179
cmpfis_int8	274	0	aor	182 read_OS_line 182
cmpfis_int8	275	1	aos	182
cmpfis_int8	270	2	aor	183
cmpfis_int8	271	3	aor	183
cmpfis_int8	272	4	aor	183
cmpfis_int8	273	5	aor	183
cmpfis_int8	274	6	aor	183
cmpfis_int8	275	7	tos	183
cmpfis_int8	280	0	aor	186 read_OS_line 186
cmpfis_int8	281	1	aos	186
cmpfis_int8	276	2	aor	187
cmpfis_int8	277	3	aor	187
cmpfis_int8	278	4	aor	187
cmpfis_int8	279	5	aor	187
cmpfis_int8	280	6	aor	187
cmpfis_int8	281	7	tos	187
cmpfis_int8	286	0	aor	190 read_OS_line 190
cmpfis_int8	287	1	aos	190
cmpfis_int8	282	2	aor	191
cmpfis_int8	283	3	aor	191
cmpfis_int8	284	4	aor	191
cmpfis_int8	285	5	aor	191
cmpfis_int8	286	6	aor	191
cmpfis_int8	287	7	tos	191
cmpfis_int8	292	0	aor	194 read_OS_line 194
cmpfis_int8	293	1	aos	194
cmpfis_int8	288	2	aor	195
cmpfis_int8	289	3	aor	195
cmpfis_int8	290	4	aor	195
cmpfis_int8	291	5	aor	195
cmpfis_int8	292	6	aor	195
cmpfis_int8	293	7	tos	195
cmpfis_int8	298	0	aor	198 read_OS_line 198
cmpfis_int8	299	1	aos	198
cmpfis_int8	294	2	aor	199
cmpfis_int8	295	3	aor	199
cmpfis_int8	296	4	aor	199
cmpfis_int8	297	5	aor	199
cmpfis_int8	298	6	aor	199
cmpfis_int8	299	7	tos	199
cmpfis_int8	304	0	aor	202 read_OS_line 202
cmpfis_int8	305	1	aos	202
cmpfis_int8	300	2	aor	203
cmpfis_int8	301	3	aor	203
cmpfis_int8	302	4	aor	203
cmpfis_int8	303	5	aor	203
cmpfis_int8	304	6	aor	203
cmpfis_int8	305	7	tos	203
cmpfis_int8	310	0	aor	206 read_OS_line 206
cmpfis_int8	311	1	aos	206
cmpfis_int8	306	2	aor	207
cmpfis_int8	307	3	aor	207
cmpfis_int8	308	4	aor	207
cmpfis_int8	309	5	aor	207
cmpfis_int8	310	6	aor	207
cmpfis_int8	311	7	tos	207
cmpfis_int8	316	0	aor	210 read_OS_line 210
cmpfis_int8	317	1	aos	210
cmpfis_int8	312	2	aor	211
cmpfis_int8	313	3	aor	211
cmpfis_int8	314	4	aor	211
cmpfis_int8	315	5	aor	211
cmpfis_int8	316	6	aor	211
cmpfis_int8	317	7	tos	211
cmpfis_int8	322	0	aor	214 read_OS_line 214
cmpfis_int8	323	1	aos	214
cmpfis_int8	318	2	aor	215
cmpfis_int8	319	3	aor	215
cmpfis_int8	320	4	aor	215
cmpfis_int8	321	5	aor	215
cmpfis_int8	322	6	aor	215
cmpfis_int8	323	7	tos	215
cmpfis_int8	328	0	aor	218 read_OS_line 218
cmpfis_int8	329	1	aos	218
cmpfis_int8	324	2	aor	219
cmpfis_int8	325	3	aor	219
cmpfis_int8	326	4	aor	219
cmpfis_int8	327	5	aor	219
cmpfis_int8	328	6	aor	219
cmpfis_int8	329	7	tos	219
cmpfis_int8	334	0	aor	222 read_OS_line 222
cmpfis_int8	335	1	aos	222
cmpfis_int8	330	2	aor	223
cmpfis_int8	331	3	aor	223
cmpfis_int8	332	4	aor	223
cmpfis_int8	333	5	aor	223
cmpfis_int8	334	6	aor	223
cmpfis_int8	335	7	tos	223
cmpfis_int8	340	0	aor	226 read_OS_line 226
cmpfis_int8	341	1	aos	226
cmpfis_int8	336	2	aor	227
cmpfis_int8	337	3	aor	227
cmpfis_int8	338	4	aor	227
cmpfis_int8	339	5	aor	227
cmpfis_int8	340	6	aor	227
cmpfis_int8	341	7	tos	227
cmpfis_int8	346	0	aor	230 read_OS_line 230
cmpfis_int8	347	1	aos	230
cmpfis_int8	342	2	aor	231
cmpfis_int8	343	3	aor	231
cmpfis_int8	344	4	aor	231
cmpfis_int8	345	5	aor	231
cmpfis_int8	346	6	aor	231
cmpfis_int8	347	7	tos	231
cmpfis_int8	352	0	aor	234 read_OS_line 234
cmpfis_int8	353	1	aos	234
cmpfis_int8	348	2	aor	235
cmpfis_int8	349	3	aor	235
cmpfis_int8	350	4	aor	235
cmpfis_int8	351	5	aor	235
cmpfis_int8	352	6	aor	235
cmpfis_int8	353	7	tos	235
cmpfis_int8	358	0	aor	238 read_OS_line 238
cmpfis_int8	359	1	aos	238
cmpfis_int8	354	2	aor	239
cmpfis_int8	355	3	aor	239
cmpfis_int8	356	4	aor	239
cmpfis_int8	357	5	aor	239
cmpfis_int8	358	6	aor	239
cmpfis_int8	359	7	tos	239
cmpfis_int8	364	0	aor	242 read_OS_line 242
cmpfis_int8	365	1	aos	242
cmpfis_int8	360	2	aor	243
cmpfis_int8	361	3	aor	243
cmpfis_int8	362	4	aor	243
cmpfis_int8	363	5	aor	243
cmpfis_int8	364	6	aor	243
cmpfis_int8	365	7	tos	243
cmpfis_int8	370	0	aor	246 read_OS_line 246
cmpfis_int8	371	1	aos	246
cmpfis_int8	366	2	aor	247
cmpfis_int8	367	3	aor	247
cmpfis_int8	368	4	aor	247
cmpfis_int8	369	5	aor	247
cmpfis_int8	370	6	aor	247
cmpfis_int8	371	7	tos	247
cmpfis_int8	376	0	aor	250 read_OS_line 250
cmpfis_int8	377	1	aos	250
cmpfis_int8	372	2	aor	251
cmpfis_int8	373	3	aor	251
cmpfis_int8	374	4	aor	251
cmpfis_int8	375	5	aor	251
cmpfis_int8	376	6	aor	251
cmpfis_int8	377	7	tos	251
cmpfis_int8	382	0	aor	254 read_OS_line 254
cmpfis_int8	383	1	aos	254
cmpfis_int8	378	2	aor	255
cmpfis_int8	379	3	aor	255
cmpfis_int8	380	4	aor	255
cmpfis_int8	381	5	aor	255
cmpfis_int8	382	6	aor	255
cmpfis_int8	383	7	tos	255
