starting compiler:
wu	3	0	0
wu	2	2	0
wu	1	4	0
wu	0	6	0
wu	3	8	512
wu	2	10	512
wu	1	12	512
wu	0	14	512
wu	3	1	128
wu	2	3	128
wu	1	5	128
wu	0	7	128
wu	3	9	640
wu	2	11	640
wu	1	13	640
wu	0	15	640
nop
nop
nop
nop
lisp	3	0	96
lisp	2	0	64
lisp	1	0	32
lis		0	0	0
lisp	3	1	224
lisp	2	1	192
lisp	1	1	160
lis		0	1	128
lisp	3	2	608
lisp	2	2	576
lisp	1	2	544
lis		0	2	512
lisp	3	3	736
lisp	2	3	704
lisp	1	3	672
lis		0	3	640
cmpfis	0	0	aor	0
cmpfis	1	1	tos	0
cmpfis	2	0	aor	1
cmpfis	3	1	tos	1
wu	3	0	256
wu	2	2	256
wu	1	4	256
wu	0	6	256
wu	3	8	768
wu	2	10	768
wu	1	12	768
wu	0	14	768
wu	3	1	384
wu	2	3	384
wu	1	5	384
wu	0	7	384
wu	3	9	896
wu	2	11	896
wu	1	13	896
wu	0	15	896
nop
nop
nop
nop
cmpgtp	0	aor	03352
cmpgtp	0	aor	02320
cmpgtp	0	aor	01288
cmpgt	0	aor	00256 read_OS_line 0
cmpgtp	1	aos	03480
cmpgtp	1	aos	02448
cmpgtp	1	aos	01416
cmpgt	1	aos	00384
cmpgtp	0	aor	13864
cmpgtp	0	aor	12832
cmpgtp	0	aor	11800
cmpgt	0	aor	10768 read_OS_line 1
cmpgtp	1	aos	13992
cmpgtp	1	aos	12960
cmpgtp	1	aos	11928
cmpgt	1	aos	10896
